This is LuaHBTeX, Version 1.12.0 (MiKTeX 2.9.7350 64-bit)  (format=lualatex 2020.4.6)  21 APR 2020 18:33
 restricted system commands enabled.
**pcg.tex
(./pcg.tex
LaTeX2e <2020-02-02> patch level 5
Lua module: luaotfload-main 2020-02-02 3.12 luaotfload entry point
Lua module: luaotfload-init 2020-02-02 3.12 luaotfload submodule / initializatio
n
Lua module: lualibs 2020-02-02 2.70 ConTeXt Lua standard libraries.
Lua module: lualibs-extended 2020-02-02 2.70 ConTeXt Lua libraries -- extended c
ollection.
Lua module: luaotfload-log 2020-02-02 3.12 luaotfload submodule / logging
Lua module: luaotfload-parsers 2020-02-02 3.12 luaotfload submodule / filelist
Lua module: luaotfload-configuration 2020-02-02 3.12 luaotfload submodule / conf
ig file reader
luaotfload | conf : Root cache directory is C:/Users/edour/AppData/Local/MiKTeX/
2.9/luatex-cache/generic-dev/names.
luaotfload | init : Loading fontloader “fontloader-2020-01-26.lua” from kpse
-resolved path “C:/Users/edour/AppData/Local/Programs/MiKTeX 2.9/tex/luatex/lu
aotfload/fontloader-2020-01-26.lua”.
Lua-only attribute luaotfload@state = 2
Lua-only attribute luaotfload@noligature = 3
Lua-only attribute luaotfload@syllabe = 4
luaotfload | init : Context OpenType loader version “3.11”
Inserting `luaotfload.node_processor' at position 1 in `pre_linebreak_filter'.
Inserting `luaotfload.node_processor' at position 1 in `hpack_filter'.
Lua module: luaotfload-loaders 2020-02-02 3.12 luaotfload submodule / callback h
andling
Inserting `luaotfload.define_font' at position 1 in `define_font'.
Lua module: luaotfload-database 2020-02-02 3.12 luaotfload submodule / database
Lua module: luaotfload-unicode 2020-02-02 3.12 luaotfload submodule / Unicode he
lpers
Lua module: luaotfload-colors 2020-02-02 3.12 luaotfload submodule / color
Lua-only attribute luaotfload_color_attribute = 5
Lua module: luaotfload-resolvers 2020-02-02 3.12 luaotfload submodule / resolver
s
luaotfload | conf : Root cache directory is C:/Users/edour/AppData/Local/MiKTeX/
2.9/luatex-cache/generic-dev/names.
Lua module: luaotfload-features 2020-02-02 3.12 luaotfload submodule / features
Lua module: luaotfload-letterspace 2020-02-02 3.12 luaotfload submodule / color
Lua module: luaotfload-embolden 2020-02-02 3.12 luaotfload submodule / color
Lua module: luaotfload-notdef 2020-02-02 3.12 luaotfload submodule / color
Lua module: luaotfload-harf-define 2020-02-02 3.12 luaotfload submodule / databa
se
Lua module: luaotfload-script 2020-02-02 3.12 luaotfload submodule / Script help
ers
Inserting `luaotfload.harf.strip_prefix' at position 1 in `find_opentype_file'.
Inserting `luaotfload.harf.strip_prefix' at position 1 in `find_truetype_file'.
Lua module: luaotfload-harf-plug 2020-02-02 3.12 luaotfload submodule / database
Inserting `Harf pre_output_filter callback' at position 1 in `pre_output_filter'
.
Inserting `Harf wrapup_run callback' at position 1 in `wrapup_run'.
Inserting `Harf finish_pdffile callback' at position 1 in `finish_pdffile'.
Inserting `Harf glyph_info callback' at position 1 in `glyph_info'.
Lua module: luaotfload-auxiliary 2020-02-02 3.12 luaotfload submodule / auxiliar
y functions
Inserting `luaotfload.aux.set_sscale_dimens' at position 1 in `luaotfload.patch_
font'.
Inserting `luaotfload.aux.set_font_index' at position 2 in `luaotfload.patch_fon
t'.
Inserting `luaotfload.aux.patch_cambria_domh' at position 3 in `luaotfload.patch
_font'.
Inserting `luaotfload.aux.fixup_fontdata' at position 1 in `luaotfload.patch_fon
t_unsafe'.
Inserting `luaotfload.aux.set_capheight' at position 4 in `luaotfload.patch_font
'.
Inserting `luaotfload.aux.set_xheight' at position 5 in `luaotfload.patch_font'.
Lua module: luaotfload-fallback 2020-02-02 3.12 luaotfload submodule / fallback
Lua module: luaotfload-multiscript 2020-02-02 3.12 luaotfload submodule / multis
cript
Lua module: luaotfload-tounicode 2020-02-02 3.12 luaotfload submodule / tounicod
e
Inserting `luaotfload.rewrite_fontname' at position 6 in `luaotfload.patch_font'
. L3 programming layer <2020-03-06>
! Undefined control sequence.
l.4 \chapter
          {Procedural Content Generation}
The control sequence at the end of the top line
of your error message was never \def'ed. If you have
misspelled it (e.g., `\hobx'), type `I' and the correct
spelling (e.g., `I\hbox'). Otherwise just continue,
and I'll forget about whatever was undefined.


! LaTeX Error: Missing \begin{document}.

See the LaTeX manual or LaTeX Companion for explanation.
Type  H <return>  for immediate help.
 ...                                              
                                                  
l.4 \chapter{P
            rocedural Content Generation}
You're in trouble here.  Try typing  <return>  to proceed.
If that doesn't work, type  X <return>  to quit.


Overfull \hbox (20.0pt too wide) in paragraph at lines 4--5
[]Procedural
 []


! LaTeX Error: Missing \begin{document}.

See the LaTeX manual or LaTeX Companion for explanation.
Type  H <return>  for immediate help.
 ...                                              
                                                  
l.6 Τ
    ο αντικείμενο του Procedural Content Generation (PCG) όπ...

You're in trouble here.  Try typing  <return>  to proceed.
If that doesn't work, type  X <return>  to quit.

luaotfload | db : Font names database loaded from C:/Users/edour/AppData/Local/M
iKTeX/2.9/luatex-cache/generic-dev/names/luaotfload-names.luc
Overfull \hbox (20.0pt too wide) in paragraph at lines 6--7
[]Το
 []


Overfull \hbox (33.38002pt too wide) in paragraph at lines 6--7
\TU/lmr/m/it/10 Δη󰀀μ󰀀ι󰀀ο󰀀υ󰀀ρ󰀀γ󰀀ί󰀀α󰀀
 []


Overfull \hbox (33.60004pt too wide) in paragraph at lines 6--7
\TU/lmr/m/it/10 π󰀀ε󰀀ρ󰀀ι󰀀ε󰀀χ󰀀ο󰀀μ󰀀έ󰀀ν󰀀ο
󰀀υ󰀀
 []


Overfull \hbox (8.40001pt too wide) in paragraph at lines 6--7
\TU/lmr/m/it/10 γ󰀀ι󰀀α󰀀
 []


Overfull \hbox (30.80003pt too wide) in paragraph at lines 6--7
\TU/lmr/m/it/10 η󰀀λ󰀀ε󰀀κ󰀀τ󰀀ρ󰀀ο󰀀ν󰀀ι󰀀κ󰀀ά
󰀀
 []


Overfull \hbox (25.20003pt too wide) in paragraph at lines 6--7
\TU/lmr/m/it/10 π󰀀α󰀀ι󰀀χ󰀀ν󰀀ί󰀀δ󰀀ι󰀀α󰀀
 []


Overfull \hbox (5.6pt too wide) in paragraph at lines 6--7
\TU/lmr/m/it/10 μ󰀀ε󰀀
 []


Overfull \hbox (8.40001pt too wide) in paragraph at lines 6--7
\TU/lmr/m/it/10 τ󰀀η󰀀ν󰀀
 []


Overfull \hbox (14.00002pt too wide) in paragraph at lines 6--7
\TU/lmr/m/it/10 χ󰀀ρ󰀀ή󰀀σ󰀀η󰀀
 []


Overfull \hbox (28.00003pt too wide) in paragraph at lines 6--7
\TU/lmr/m/it/10 α󰀀λ󰀀γ󰀀ο󰀀ρ󰀀ί󰀀θ󰀀μ󰀀ω󰀀ν󰀀
 []


Overfull \hbox (8.40001pt too wide) in paragraph at lines 6--7
\TU/lmr/m/it/10 κ󰀀α󰀀ι󰀀
 []


Overfull \hbox (5.6pt too wide) in paragraph at lines 6--7
\TU/lmr/m/it/10 μ󰀀ε󰀀
 []


Overfull \hbox (8.40001pt too wide) in paragraph at lines 6--7
\TU/lmr/m/it/10 τ󰀀η󰀀ν󰀀
 []


Overfull \hbox (16.80002pt too wide) in paragraph at lines 6--7
\TU/lmr/m/it/10 π󰀀α󰀀ρ󰀀ο󰀀χ󰀀ή󰀀
 []


Overfull \hbox (25.20003pt too wide) in paragraph at lines 6--7
\TU/lmr/m/it/10 ε󰀀λ󰀀ά󰀀χ󰀀ι󰀀σ󰀀τ󰀀ω󰀀ν󰀀
 []


Overfull \hbox (2.8pt too wide) in paragraph at lines 6--7
\TU/lmr/m/it/10 ή󰀀
 []


Overfull \hbox (19.60002pt too wide) in paragraph at lines 6--7
\TU/lmr/m/it/10 κ󰀀α󰀀θ󰀀ό󰀀λ󰀀ο󰀀υ󰀀
 []


Overfull \hbox (19.60002pt too wide) in paragraph at lines 6--7
\TU/lmr/m/it/10 ε󰀀ι󰀀σ󰀀ό󰀀δ󰀀ω󰀀ν󰀀
 []


Overfull \hbox (8.40001pt too wide) in paragraph at lines 6--7
\TU/lmr/m/it/10 α󰀀π󰀀ό󰀀
 []


Overfull \hbox (8.40001pt too wide) in paragraph at lines 6--7
\TU/lmr/m/it/10 τ󰀀ο󰀀ν󰀀
 []


Overfull \hbox (16.80002pt too wide) in paragraph at lines 6--7
\TU/lmr/m/it/10 χ󰀀ρ󰀀ή󰀀σ󰀀τ󰀀η󰀀\nullfont .
 []


! LaTeX Error: Missing \begin{document}.

See the LaTeX manual or LaTeX Companion for explanation.
Type  H <return>  for immediate help.
 ...                                              
                                                  
l.8 Τ
    ο PCG, όπως και πολλά άλλα αντικείμενα της...

You're in trouble here.  Try typing  <return>  to proceed.
If that doesn't work, type  X <return>  to quit.


Overfull \hbox (20.0pt too wide) in paragraph at lines 8--9
[]Το
 []


! LaTeX Error: Missing \begin{document}.

See the LaTeX manual or LaTeX Companion for explanation.
Type  H <return>  for immediate help.
 ...                                              
                                                  
l.10 Ό
     πως έχει παρατηρηθεί και σε πολλά άλλα ...
You're in trouble here.  Try typing  <return>  to proceed.
If that doesn't work, type  X <return>  to quit.


Overfull \hbox (20.0pt too wide) in paragraph at lines 10--11
[]Όπως
 []


! LaTeX Error: Environment figure undefined.

See the LaTeX manual or LaTeX Companion for explanation.
Type  H <return>  for immediate help.
 ...                                              
                                                  
l.12 \begin{figure}
                 [ht]
Your command was ignored.
Type  I <command> <return>  to replace it with another command,
or  <return>  to continue without it.


! LaTeX Error: Missing \begin{document}.

See the LaTeX manual or LaTeX Companion for explanation.
Type  H <return>  for immediate help.
 ...                                              
                                                  
l.12 \begin{figure}[
                  ht]
You're in trouble here.  Try typing  <return>  to proceed.
If that doesn't work, type  X <return>  to quit.

! Undefined control sequence.
l.14 \includegraphics
                   [width=4in]{../images/no-mans-sky.jpg}
The control sequence at the end of the top line
of your error message was never \def'ed. If you have
misspelled it (e.g., `\hobx'), type `I' and the correct
spelling (e.g., `I\hbox'). Otherwise just continue,
and I'll forget about whatever was undefined.


! LaTeX Error: \caption outside float.

See the LaTeX manual or LaTeX Companion for explanation.
Type  H <return>  for immediate help.
 ...                                              
                                                  
l.15 \caption
           {Screenshot από το παιχνίδι No Man's Sky (2016). Οι...

You're in trouble here.  Try typing  <return>  to proceed.
If that doesn't work, type  X <return>  to quit.


! LaTeX Error: \begin{document} ended by \end{figure}.

See the LaTeX manual or LaTeX Companion for explanation.
Type  H <return>  for immediate help.
 ...                                              
                                                  
l.16 \end{figure}
               
Your command was ignored.
Type  I <command> <return>  to replace it with another command,
or  <return>  to continue without it.


Overfull \hbox (20.0pt too wide) in paragraph at lines 12--17
[][ht]
 []

! Undefined control sequence.
l.18 \section
           {Game Content}
The control sequence at the end of the top line
of your error message was never \def'ed. If you have
misspelled it (e.g., `\hobx'), type `I' and the correct
spelling (e.g., `I\hbox'). Otherwise just continue,
and I'll forget about whatever was undefined.


! LaTeX Error: Missing \begin{document}.

See the LaTeX manual or LaTeX Companion for explanation.
Type  H <return>  for immediate help.
 ...                                              
                                                  
l.18 \section{G
             ame Content}
You're in trouble here.  Try typing  <return>  to proceed.
If that doesn't work, type  X <return>  to quit.


Overfull \hbox (20.0pt too wide) in paragraph at lines 18--20
[]Game
 []


! LaTeX Error: Environment description undefined.

See the LaTeX manual or LaTeX Companion for explanation.
Type  H <return>  for immediate help.
 ...                                              
                                                  
l.21 \begin{description}
                      
Your command was ignored.
Type  I <command> <return>  to replace it with another command,
or  <return>  to continue without it.


! LaTeX Error: Lonely \item--perhaps a missing list environment.

See the LaTeX manual or LaTeX Companion for explanation.
Type  H <return>  for immediate help.
 ...                                              
                                                  
l.22 \item [Game Content]
                        Όπως αναφέρεται και στο όνομ...
Try typing  <return>  to proceed.
If that doesn't work, type  X <return>  to quit.


! LaTeX Error: \begin{document} ended by \end{description}.

See the LaTeX manual or LaTeX Companion for explanation.
Type  H <return>  for immediate help.
 ...                                              
                                                  
l.23 \end{description}
                    
Your command was ignored.
Type  I <command> <return>  to replace it with another command,
or  <return>  to continue without it.


! LaTeX Error: Missing \begin{document}.

See the LaTeX manual or LaTeX Companion for explanation.
Type  H <return>  for immediate help.
 ...                                              
                                                  
l.25 \begin{itemize}
                  
You're in trouble here.  Try typing  <return>  to proceed.
If that doesn't work, type  X <return>  to quit.


Overfull \hbox (20.0pt too wide) in paragraph at lines 25--25
[] 
 []


Overfull \hbox (20.0pt too wide) in paragraph at lines 34--35
[]Ο
 []


Overfull \hbox (20.0pt too wide) in paragraph at lines 36--37
[]Ο
 []

! Undefined control sequence.
l.38 \section
           {Η χρησιμότητα του PCG}
The control sequence at the end of the top line
of your error message was never \def'ed. If you have
misspelled it (e.g., `\hobx'), type `I' and the correct
spelling (e.g., `I\hbox'). Otherwise just continue,
and I'll forget about whatever was undefined.


Overfull \hbox (20.0pt too wide) in paragraph at lines 38--40
[]Η
 []


Overfull \hbox (20.0pt too wide) in paragraph at lines 41--42
[]Το
 []


Overfull \hbox (20.0pt too wide) in paragraph at lines 43--44
[]Μια
 []


Overfull \hbox (20.0pt too wide) in paragraph at lines 45--46
[]Τέλος,
 []

! Undefined control sequence.
l.47 \section
           {Παιχνίδια που χρησιμοποιούν PCG}
The control sequence at the end of the top line
of your error message was never \def'ed. If you have
misspelled it (e.g., `\hobx'), type `I' and the correct
spelling (e.g., `I\hbox'). Otherwise just continue,
and I'll forget about whatever was undefined.


Overfull \hbox (20.0pt too wide) in paragraph at lines 47--48
[]Παιχνίδια
 []


Overfull \hbox (20.0pt too wide) in paragraph at lines 49--50
[]Από
 []


Overfull \hbox (16.80002pt too wide) in paragraph at lines 49--50
\TU/lmr/m/it/10 σ󰀀ω󰀀σ󰀀τ󰀀ο󰀀ύ󰀀
 []


! LaTeX Error: Environment description undefined.

See the LaTeX manual or LaTeX Companion for explanation.
Type  H <return>  for immediate help.
 ...                                              
                                                  
l.51 \begin{description}
                      
Your command was ignored.
Type  I <command> <return>  to replace it with another command,
or  <return>  to continue without it.


! LaTeX Error: Lonely \item--perhaps a missing list environment.

See the LaTeX manual or LaTeX Companion for explanation.
Type  H <return>  for immediate help.
 ...                                              
                                                  
l.52 \item [Rogue (\textbf{1980})]
                                 Ένα από τα πρώτα παιχνίδ...

Try typing  <return>  to proceed.
If that doesn't work, type  X <return>  to quit.


Overfull \hbox (27.21pt too wide) in paragraph at lines 52--53
(\TU/lmr/bx/n/10 levels\nullfont ).
 []


! LaTeX Error: Lonely \item--perhaps a missing list environment.

See the LaTeX manual or LaTeX Companion for explanation.
Type  H <return>  for immediate help.
 ...                                              
                                                  
l.54 \item [Spore (\textbf{2008})]
                                 To Spore είναι ένα life-simulation ...
Try typing  <return>  to proceed.
If that doesn't work, type  X <return>  to quit.


! LaTeX Error: Lonely \item--perhaps a missing list environment.

See the LaTeX manual or LaTeX Companion for explanation.
Type  H <return>  for immediate help.
 ...                                              
                                                  
l.56 \item [No Man's Sky (\textbf{2016})]
                                        Ένα από τα πιο σημαν...
Try typing  <return>  to proceed.
If that doesn't work, type  X <return>  to quit.


! LaTeX Error: \begin{document} ended by \end{description}.

See the LaTeX manual or LaTeX Companion for explanation.
Type  H <return>  for immediate help.
 ...                                              
                                                  
l.57 \end{description}
                    
Your command was ignored.
Type  I <command> <return>  to replace it with another command,
or  <return>  to continue without it.

! Undefined control sequence.
l.59 \section
           {Προβλήματα του PCG}
The control sequence at the end of the top line
of your error message was never \def'ed. If you have
misspelled it (e.g., `\hobx'), type `I' and the correct
spelling (e.g., `I\hbox'). Otherwise just continue,
and I'll forget about whatever was undefined.


Overfull \hbox (20.0pt too wide) in paragraph at lines 59--61
[]Προβλήματα
 []


! LaTeX Error: Environment description undefined.

See the LaTeX manual or LaTeX Companion for explanation.
Type  H <return>  for immediate help.
 ...                                              
                                                  
l.62 \begin{description}
                      
Your command was ignored.
Type  I <command> <return>  to replace it with another command,
or  <return>  to continue without it.


! LaTeX Error: Lonely \item--perhaps a missing list environment.

See the LaTeX manual or LaTeX Companion for explanation.
Type  H <return>  for immediate help.
 ...                                              
                                                  
l.63 ...αληψιμότητα - Μονοτονία]
                                                   Ένα από τα πιο...
Try typing  <return>  to proceed.
If that doesn't work, type  X <return>  to quit.


! LaTeX Error: Lonely \item--perhaps a missing list environment.

See the LaTeX manual or LaTeX Companion for explanation.
Type  H <return>  for immediate help.
 ...                                              
                                                  
l.65 ...αχύτητα - πολυπλοκότητα]
                                                   Πολλοί αλγόρι...
Try typing  <return>  to proceed.
If that doesn't work, type  X <return>  to quit.


! LaTeX Error: Lonely \item--perhaps a missing list environment.

See the LaTeX manual or LaTeX Companion for explanation.
Type  H <return>  for immediate help.
 ...                                              
                                                  
l.67 \item [Playability]
                       Μπορεί να έχουμε σχεδιάσει το...

Try typing  <return>  to proceed.
If that doesn't work, type  X <return>  to quit.


! LaTeX Error: \begin{document} ended by \end{description}.

See the LaTeX manual or LaTeX Companion for explanation.
Type  H <return>  for immediate help.
 ...                                              
                                                  
l.69 \end{description}
                    
Your command was ignored.
Type  I <command> <return>  to replace it with another command,
or  <return>  to continue without it.

! Undefined control sequence.
l.72 \section
           {Επιθυμητά Χαρακτηριστικά του PCG}
The control sequence at the end of the top line
of your error message was never \def'ed. If you have
misspelled it (e.g., `\hobx'), type `I' and the correct
spelling (e.g., `I\hbox'). Otherwise just continue,
and I'll forget about whatever was undefined.


Overfull \hbox (20.0pt too wide) in paragraph at lines 72--74
[]Επιθυμητά
 []

! Undefined control sequence.
l.75 \subsection
              {Ταχύτητα - Πολυπλοκότητα} Όπως είδ...
The control sequence at the end of the top line
of your error message was never \def'ed. If you have
misspelled it (e.g., `\hobx'), type `I' and the correct
spelling (e.g., `I\hbox'). Otherwise just continue,
and I'll forget about whatever was undefined.


Overfull \hbox (20.0pt too wide) in paragraph at lines 75--76
[]Ταχύτητα
 []


Overfull \hbox (20.0pt too wide) in paragraph at lines 77--78
[]Εάν
 []

! Undefined control sequence.
l.79 \subsection
              {Δημιουργικότητα - πρωτοτυπία} Το ι...
The control sequence at the end of the top line
of your error message was never \def'ed. If you have
misspelled it (e.g., `\hobx'), type `I' and the correct
spelling (e.g., `I\hbox'). Otherwise just continue,
and I'll forget about whatever was undefined.


Overfull \hbox (20.0pt too wide) in paragraph at lines 79--80
[]Δημιουργικότητα
 []


Overfull \hbox (20.0pt too wide) in paragraph at lines 81--82
[]Παρόλαυτα
 []


Overfull \hbox (20.0pt too wide) in paragraph at lines 83--84
[]Για
 []

! Undefined control sequence.
l.85 \subsection
              {Aξιοπιστία} H αξιοπιστία του παραγ...
The control sequence at the end of the top line
of your error message was never \def'ed. If you have
misspelled it (e.g., `\hobx'), type `I' and the correct
spelling (e.g., `I\hbox'). Otherwise just continue,
and I'll forget about whatever was undefined.


Overfull \hbox (20.0pt too wide) in paragraph at lines 85--86
[]Aξιοπιστία
 []


Overfull \hbox (20.0pt too wide) in paragraph at lines 87--88
[]Για
 []

! Undefined control sequence.
l.89 \subsection
              {Παραμετροποιησιμότητα} Σε όλους τ...
The control sequence at the end of the top line
of your error message was never \def'ed. If you have
misspelled it (e.g., `\hobx'), type `I' and the correct
spelling (e.g., `I\hbox'). Otherwise just continue,
and I'll forget about whatever was undefined.


Overfull \hbox (20.0pt too wide) in paragraph at lines 89--90
[]Παραμετροποιησιμότητα
 []


Overfull \hbox (20.0pt too wide) in paragraph at lines 91--92
[]Για
 []

! Undefined control sequence.
l.96 \section
           {Procedural Content Generation για 2D επίπεδα}
The control sequence at the end of the top line
of your error message was never \def'ed. If you have
misspelled it (e.g., `\hobx'), type `I' and the correct
spelling (e.g., `I\hbox'). Otherwise just continue,
and I'll forget about whatever was undefined.


Overfull \hbox (20.0pt too wide) in paragraph at lines 96--97
[]Procedural
 []


Overfull \hbox (20.0pt too wide) in paragraph at lines 98--99
[]Ένας
 []


Overfull \hbox (20.0pt too wide) in paragraph at lines 100--101
[]Σε
 []


Overfull \hbox (20.0pt too wide) in paragraph at lines 102--103
[]Η
 []

! Undefined control sequence.
l.104 \subsection
               {Εισαγωγή}
The control sequence at the end of the top line
of your error message was never \def'ed. If you have
misspelled it (e.g., `\hobx'), type `I' and the correct
spelling (e.g., `I\hbox'). Otherwise just continue,
and I'll forget about whatever was undefined.


Overfull \hbox (20.0pt too wide) in paragraph at lines 104--106
[]Εισαγωγή
 []


! LaTeX Error: Environment description undefined.

See the LaTeX manual or LaTeX Companion for explanation.
Type  H <return>  for immediate help.
 ...                                              
                                                  
l.107 \begin{description}
                       
Your command was ignored.
Type  I <command> <return>  to replace it with another command,
or  <return>  to continue without it.


! LaTeX Error: Lonely \item--perhaps a missing list environment.

See the LaTeX manual or LaTeX Companion for explanation.
Type  H <return>  for immediate help.
 ...                                              
                                                  
l.108 ... Μοντέλο αναπαράστασης]
                                                   Αποτελεί μια α...

Try typing  <return>  to proceed.
If that doesn't work, type  X <return>  to quit.


! LaTeX Error: Lonely \item--perhaps a missing list environment.

See the LaTeX manual or LaTeX Companion for explanation.
Type  H <return>  for immediate help.
 ...                                              
                                                  
l.109 ...οντέλου αναπαράστασης]
                                                   Αποτελεί τον α...

Try typing  <return>  to proceed.
If that doesn't work, type  X <return>  to quit.


! LaTeX Error: Lonely \item--perhaps a missing list environment.

See the LaTeX manual or LaTeX Companion for explanation.
Type  H <return>  for immediate help.
 ...                                              
                                                  
l.110 ... μοντέλο αναπαράστασης]
                                                   Αυτή η μέθοδος...

Try typing  <return>  to proceed.
If that doesn't work, type  X <return>  to quit.


! LaTeX Error: \begin{document} ended by \end{description}.

See the LaTeX manual or LaTeX Companion for explanation.
Type  H <return>  for immediate help.
 ...                                              
                                                  
l.111 \end{description}
                     
Your command was ignored.
Type  I <command> <return>  to replace it with another command,
or  <return>  to continue without it.


Overfull \hbox (20.0pt too wide) in paragraph at lines 113--114
[]Θα
 []


! LaTeX Error: Environment description undefined.

See the LaTeX manual or LaTeX Companion for explanation.
Type  H <return>  for immediate help.
 ...                                              
                                                  
l.115 \begin{description}
                       
Your command was ignored.
Type  I <command> <return>  to replace it with another command,
or  <return>  to continue without it.


! LaTeX Error: Lonely \item--perhaps a missing list environment.

See the LaTeX manual or LaTeX Companion for explanation.
Type  H <return>  for immediate help.
 ...                                              
                                                  
l.116 ...ισμός χώρου (Space Partitioning)]
                                                  
Try typing  <return>  to proceed.
If that doesn't work, type  X <return>  to quit.


! LaTeX Error: Lonely \item--perhaps a missing list environment.

See the LaTeX manual or LaTeX Companion for explanation.
Type  H <return>  for immediate help.
 ...                                              
                                                  
l.117 ...ρήση πρακτόρων (Agent-based)]
                                                  
Try typing  <return>  to proceed.
If that doesn't work, type  X <return>  to quit.


! LaTeX Error: Lonely \item--perhaps a missing list environment.

See the LaTeX manual or LaTeX Companion for explanation.
Type  H <return>  for immediate help.
 ...                                              
                                                  
l.118     \item[$\bullet$ Cellular Automata]
                                          
Try typing  <return>  to proceed.
If that doesn't work, type  X <return>  to quit.


! LaTeX Error: Lonely \item--perhaps a missing list environment.

See the LaTeX manual or LaTeX Companion for explanation.
Type  H <return>  for immediate help.
 ...                                              
                                                  
l.119 ...ραμματικών (Generative Grammars)]
                                                  
Try typing  <return>  to proceed.
If that doesn't work, type  X <return>  to quit.


! LaTeX Error: \begin{document} ended by \end{description}.

See the LaTeX manual or LaTeX Companion for explanation.
Type  H <return>  for immediate help.
 ...                                              
                                                  
l.120 \end{description}
                     
Your command was ignored.
Type  I <command> <return>  to replace it with another command,
or  <return>  to continue without it.

! Undefined control sequence.
l.122 \subsection
               {Space Partitioning}
The control sequence at the end of the top line
of your error message was never \def'ed. If you have
misspelled it (e.g., `\hobx'), type `I' and the correct
spelling (e.g., `I\hbox'). Otherwise just continue,
and I'll forget about whatever was undefined.


Overfull \hbox (20.0pt too wide) in paragraph at lines 122--124
[]Space
 []


Overfull \hbox (20.0pt too wide) in paragraph at lines 125--126
[]Ένας
 []


! LaTeX Error: Environment description undefined.

See the LaTeX manual or LaTeX Companion for explanation.
Type  H <return>  for immediate help.
 ...                                              
                                                  
l.127 \begin{description}
                       
Your command was ignored.
Type  I <command> <return>  to replace it with another command,
or  <return>  to continue without it.


Overfull \hbox (20.0pt too wide) in paragraph at lines 128--128
[] 
 []


! LaTeX Error: Lonely \item--perhaps a missing list environment.

See the LaTeX manual or LaTeX Companion for explanation.
Type  H <return>  for immediate help.
 ...                                              
                                                  
l.128 ...[$\bullet$ Binary Space Partitioning (BSP)]
                                                  
Try typing  <return>  to proceed.
If that doesn't work, type  X <return>  to quit.


Overfull \hbox (20.0pt too wide) in paragraph at lines 131--132
[]Ο
 []


! LaTeX Error: \begin{document} ended by \end{description}.

See the LaTeX manual or LaTeX Companion for explanation.
Type  H <return>  for immediate help.
 ...                                              
                                                  
l.134 \end{description}
                     
Your command was ignored.
Type  I <command> <return>  to replace it with another command,
or  <return>  to continue without it.


Overfull \hbox (20.0pt too wide) in paragraph at lines 133--135
[]Η
 []


Overfull \hbox (20.0pt too wide) in paragraph at lines 136--137
[]Ένα
 []

! Undefined control sequence.
l.138 \subsection
               {Agent-based}
The control sequence at the end of the top line
of your error message was never \def'ed. If you have
misspelled it (e.g., `\hobx'), type `I' and the correct
spelling (e.g., `I\hbox'). Otherwise just continue,
and I'll forget about whatever was undefined.


Overfull \hbox (20.0pt too wide) in paragraph at lines 138--140
[]Agent-
 []


Overfull \hbox (20.0pt too wide) in paragraph at lines 141--142
[]Σε
 []


Overfull \hbox (20.0pt too wide) in paragraph at lines 143--144
[]Για
 []


! LaTeX Error: Environment description undefined.

See the LaTeX manual or LaTeX Companion for explanation.
Type  H <return>  for immediate help.
 ...                                              
                                                  
l.146 \begin{description}
                       
Your command was ignored.
Type  I <command> <return>  to replace it with another command,
or  <return>  to continue without it.


Overfull \hbox (20.0pt too wide) in paragraph at lines 145--147
[]Για
 []


! LaTeX Error: Lonely \item--perhaps a missing list environment.

See the LaTeX manual or LaTeX Companion for explanation.
Type  H <return>  for immediate help.
 ...                                              
                                                  
l.147 ...bullet$ Περιπλάνηση (Wandering)]
                                                   Όταν ο πράκτορ...

Try typing  <return>  to proceed.
If that doesn't work, type  X <return>  to quit.


! LaTeX Error: Lonely \item--perhaps a missing list environment.

See the LaTeX manual or LaTeX Companion for explanation.
Type  H <return>  for immediate help.
 ...                                              
                                                  
l.148   \item[$\bullet$ Στροφή (Turn)]
                                           Μόλις βρεθεί σε αυ...
Try typing  <return>  to proceed.
If that doesn't work, type  X <return>  to quit.


! LaTeX Error: Lonely \item--perhaps a missing list environment.

See the LaTeX manual or LaTeX Companion for explanation.
Type  H <return>  for immediate help.
 ...                                              
                                                  
l.149 ...τηση δωματίου (Room placement)]
                                                   Σε αυτό το State,...
Try typing  <return>  to proceed.
If that doesn't work, type  X <return>  to quit.


! LaTeX Error: \begin{document} ended by \end{description}.

See the LaTeX manual or LaTeX Companion for explanation.
Type  H <return>  for immediate help.
 ...                                              
                                                  
l.150 \end{description}
                     
Your command was ignored.
Type  I <command> <return>  to replace it with another command,
or  <return>  to continue without it.


Overfull \hbox (20.0pt too wide) in paragraph at lines 153--154
[]Ένα
 []

! Undefined control sequence.
l.155 \subsection
               {Cellular Automata}
The control sequence at the end of the top line
of your error message was never \def'ed. If you have
misspelled it (e.g., `\hobx'), type `I' and the correct
spelling (e.g., `I\hbox'). Otherwise just continue,
and I'll forget about whatever was undefined.


Overfull \hbox (20.0pt too wide) in paragraph at lines 155--157
[]Cellular
 []


Overfull \hbox (20.0pt too wide) in paragraph at lines 158--159
[]Το
 []


! LaTeX Error: Environment description undefined.

See the LaTeX manual or LaTeX Companion for explanation.
Type  H <return>  for immediate help.
 ...                                              
                                                  
l.161 \begin{description}
                       
Your command was ignored.
Type  I <command> <return>  to replace it with another command,
or  <return>  to continue without it.


Overfull \hbox (20.0pt too wide) in paragraph at lines 160--162
[]Ο
 []


! LaTeX Error: Lonely \item--perhaps a missing list environment.

See the LaTeX manual or LaTeX Companion for explanation.
Type  H <return>  for immediate help.
 ...                                              
                                                  
l.162   \item[$\bullet$ Grid]
                            To NxM grid αντιπροσωπείευ το ε...
Try typing  <return>  to proceed.
If that doesn't work, type  X <return>  to quit.


! LaTeX Error: Lonely \item--perhaps a missing list environment.

See the LaTeX manual or LaTeX Companion for explanation.
Type  H <return>  for immediate help.
 ...                                              
                                                  
l.163 ...ες μετάβασης (Transition Rules)]
                                                   Αυτοί οι κανόν...

Try typing  <return>  to proceed.
If that doesn't work, type  X <return>  to quit.


! LaTeX Error: Lonely \item--perhaps a missing list environment.

See the LaTeX manual or LaTeX Companion for explanation.
Type  H <return>  for immediate help.
 ...                                              
                                                  
l.164 ...ο καταστάσεων (Set of States)]
                                                   Περιλαμβάνει ...
Try typing  <return>  to proceed.
If that doesn't work, type  X <return>  to quit.


! LaTeX Error: \begin{document} ended by \end{description}.

See the LaTeX manual or LaTeX Companion for explanation.
Type  H <return>  for immediate help.
 ...                                              
                                                  
l.165 \end{description}
                     
Your command was ignored.
Type  I <command> <return>  to replace it with another command,
or  <return>  to continue without it.


! LaTeX Error: Environment description undefined.

See the LaTeX manual or LaTeX Companion for explanation.
Type  H <return>  for immediate help.
 ...                                              
                                                  
l.168 \begin{description}
                       
Your command was ignored.
Type  I <command> <return>  to replace it with another command,
or  <return>  to continue without it.


Overfull \hbox (20.0pt too wide) in paragraph at lines 167--169
[]Πολύ
 []


! LaTeX Error: Lonely \item--perhaps a missing list environment.

See the LaTeX manual or LaTeX Companion for explanation.
Type  H <return>  for immediate help.
 ...                                              
                                                  
l.169   \item[$\bullet$ Moore Neighborhood]
                                          Η Moore Neighborhood μοιάζε...
Try typing  <return>  to proceed.
If that doesn't work, type  X <return>  to quit.


! LaTeX Error: Lonely \item--perhaps a missing list environment.

See the LaTeX manual or LaTeX Companion for explanation.
Type  H <return>  for immediate help.
 ...                                              
                                                  
l.170     \item[$\bullet$ Von Neumann Neighborhood]
                                                  Αυτή η γειτονι...
Try typing  <return>  to proceed.
If that doesn't work, type  X <return>  to quit.


! LaTeX Error: \begin{document} ended by \end{description}.

See the LaTeX manual or LaTeX Companion for explanation.
Type  H <return>  for immediate help.
 ...                                              
                                                  
l.171 \end{description}
                     
Your command was ignored.
Type  I <command> <return>  to replace it with another command,
or  <return>  to continue without it.


Overfull \hbox (20.0pt too wide) in paragraph at lines 174--175
[]Σε
 []

! Undefined control sequence.
l.177 \subsection
               {Generative Grammars}
The control sequence at the end of the top line
of your error message was never \def'ed. If you have
misspelled it (e.g., `\hobx'), type `I' and the correct
spelling (e.g., `I\hbox'). Otherwise just continue,
and I'll forget about whatever was undefined.


Overfull \hbox (20.0pt too wide) in paragraph at lines 177--179
[]Generative
 []


Overfull \hbox (20.0pt too wide) in paragraph at lines 180--181
[]Για
 []


Overfull \hbox (20.0pt too wide) in paragraph at lines 182--183
[]Αυτού
 []


Overfull \hbox (20.0pt too wide) in paragraph at lines 184--189
[]Για
 []


Overfull \hbox (20.0pt too wide) in paragraph at lines 190--191
[]Βλέπουμε
 []


Overfull \hbox (20.0pt too wide) in paragraph at lines 192--193
[]Επιπλέον
 []

! Undefined control sequence.
l.195 \section
            {Αξιολόγηση (Evaluation)}
The control sequence at the end of the top line
of your error message was never \def'ed. If you have
misspelled it (e.g., `\hobx'), type `I' and the correct
spelling (e.g., `I\hbox'). Otherwise just continue,
and I'll forget about whatever was undefined.


Overfull \hbox (20.0pt too wide) in paragraph at lines 195--197
[]Αξιολόγηση
 []


Overfull \hbox (14.00002pt too wide) in paragraph at lines 195--197
\TU/lmr/bx/n/10 κ󰀀α󰀀λ󰀀ο󰀀ύ󰀀
 []

! Undefined control sequence.
l.198 \subsection
               {Πόσο σημαντική είναι η αξιολογήση}
The control sequence at the end of the top line
of your error message was never \def'ed. If you have
misspelled it (e.g., `\hobx'), type `I' and the correct
spelling (e.g., `I\hbox'). Otherwise just continue,
and I'll forget about whatever was undefined.


Overfull \hbox (20.0pt too wide) in paragraph at lines 198--200
[]Πόσο
 []


! LaTeX Error: Environment description undefined.

See the LaTeX manual or LaTeX Companion for explanation.
Type  H <return>  for immediate help.
 ...                                              
                                                  
l.201 \begin{description}
                       
Your command was ignored.
Type  I <command> <return>  to replace it with another command,
or  <return>  to continue without it.


! LaTeX Error: Lonely \item--perhaps a missing list environment.

See the LaTeX manual or LaTeX Companion for explanation.
Type  H <return>  for immediate help.
 ...                                              
                                                  
l.202   \item[$\bullet$]
                       Nα κατανοήσουμε καλύτερα τις ...
Try typing  <return>  to proceed.
If that doesn't work, type  X <return>  to quit.


! LaTeX Error: Lonely \item--perhaps a missing list environment.

See the LaTeX manual or LaTeX Companion for explanation.
Type  H <return>  for immediate help.
 ...                                              
                                                  
l.203     \item[$\bullet$]
                         Nα δημιουργήσουμε playable περιε...

Try typing  <return>  to proceed.
If that doesn't work, type  X <return>  to quit.


! LaTeX Error: Lonely \item--perhaps a missing list environment.

See the LaTeX manual or LaTeX Companion for explanation.
Type  H <return>  for immediate help.
 ...                                              
                                                  
l.204     \item[$\bullet$]
                         Nα βελτιώσουμε την διαδικασί...

Try typing  <return>  to proceed.
If that doesn't work, type  X <return>  to quit.


! LaTeX Error: Lonely \item--perhaps a missing list environment.

See the LaTeX manual or LaTeX Companion for explanation.
Type  H <return>  for immediate help.
 ...                                              
                                                  
l.205     \item[$\bullet$]
                         Nα συγκρίνουμε διαφορετικά σ...

Try typing  <return>  to proceed.
If that doesn't work, type  X <return>  to quit.


! LaTeX Error: \begin{document} ended by \end{description}.

See the LaTeX manual or LaTeX Companion for explanation.
Type  H <return>  for immediate help.
 ...                                              
                                                  
l.206 \end{description}
                     
Your command was ignored.
Type  I <command> <return>  to replace it with another command,
or  <return>  to continue without it.


Overfull \hbox (20.0pt too wide) in paragraph at lines 208--209
[]Σχετικά
 []

! Undefined control sequence.
l.210 \subsection
               {Χαρακτηριστικά Αξιολόγησης}
The control sequence at the end of the top line
of your error message was never \def'ed. If you have
misspelled it (e.g., `\hobx'), type `I' and the correct
spelling (e.g., `I\hbox'). Otherwise just continue,
and I'll forget about whatever was undefined.


Overfull \hbox (20.0pt too wide) in paragraph at lines 210--212
[]Χαρακτηριστικά
 []


Overfull \hbox (20.0pt too wide) in paragraph at lines 213--214
[]Πέρα
 []


Overfull \hbox (8.40001pt too wide) in paragraph at lines 213--214
\TU/lmr/bx/n/10 κ󰀀α󰀀ι󰀀
 []


Overfull \hbox (20.0pt too wide) in paragraph at lines 215--216
[]Όπως
 []


Overfull \hbox (20.0pt too wide) in paragraph at lines 217--218
[]Πέρα
 []


Overfull \hbox (20.0pt too wide) in paragraph at lines 219--220
[]Ένα
 []

! Undefined control sequence.
l.222 \subsection
               {Είδη Αξιολόγησης}
The control sequence at the end of the top line
of your error message was never \def'ed. If you have
misspelled it (e.g., `\hobx'), type `I' and the correct
spelling (e.g., `I\hbox'). Otherwise just continue,
and I'll forget about whatever was undefined.


Overfull \hbox (20.0pt too wide) in paragraph at lines 222--224
[]Είδη
 []


! LaTeX Error: Environment description undefined.

See the LaTeX manual or LaTeX Companion for explanation.
Type  H <return>  for immediate help.
 ...                                              
                                                  
l.225 \begin{description}
                       
Your command was ignored.
Type  I <command> <return>  to replace it with another command,
or  <return>  to continue without it.


! LaTeX Error: Lonely \item--perhaps a missing list environment.

See the LaTeX manual or LaTeX Companion for explanation.
Type  H <return>  for immediate help.
 ...                                              
                                                  
l.226   \item[$\bullet$ Top Down Evaluation]
                                           Η \textbf{top down} αξιολό...
Try typing  <return>  to proceed.
If that doesn't work, type  X <return>  to quit.


Overfull \hbox (16.61pt too wide) in paragraph at lines 226--227
\TU/lmr/bx/n/10 top
 []


Overfull \hbox (26.51999pt too wide) in paragraph at lines 226--227
\TU/lmr/bx/n/10 down
 []


! LaTeX Error: Lonely \item--perhaps a missing list environment.

See the LaTeX manual or LaTeX Companion for explanation.
Type  H <return>  for immediate help.
 ...                                              
                                                  
l.227   \item[$\bullet$ Bottom Up Evaluation]
                                            Η \textbf{Bottom up} αξιολ...
Try typing  <return>  to proceed.
If that doesn't work, type  X <return>  to quit.


! LaTeX Error: \begin{document} ended by \end{description}.

See the LaTeX manual or LaTeX Companion for explanation.
Type  H <return>  for immediate help.
 ...                                              
                                                  
l.228 \end{description}
                     
Your command was ignored.
Type  I <command> <return>  to replace it with another command,
or  <return>  to continue without it.


Overfull \hbox (22.23pt too wide) in paragraph at lines 227--229
\TU/lmr/bx/n/10 Bot-
 []


Overfull \hbox (19.8pt too wide) in paragraph at lines 227--229
\TU/lmr/bx/n/10 tom
 []


Overfull \hbox (12.78pt too wide) in paragraph at lines 227--229
\TU/lmr/bx/n/10 up
 []


Overfull \hbox (20.0pt too wide) in paragraph at lines 230--231
[]Η
 []


Overfull \hbox (22.23pt too wide) in paragraph at lines 230--231
\TU/lmr/bx/n/10 Bot-
 []


Overfull \hbox (19.8pt too wide) in paragraph at lines 230--231
\TU/lmr/bx/n/10 tom
 []


Overfull \hbox (12.78pt too wide) in paragraph at lines 230--231
\TU/lmr/bx/n/10 up
 []


Overfull \hbox (22.23pt too wide) in paragraph at lines 230--231
\TU/lmr/bx/n/10 Bot-
 []


Overfull \hbox (19.8pt too wide) in paragraph at lines 230--231
\TU/lmr/bx/n/10 tom
 []


Overfull \hbox (12.78pt too wide) in paragraph at lines 230--231
\TU/lmr/bx/n/10 up
 []


Overfull \hbox (20.0pt too wide) in paragraph at lines 232--233
[]Και
 []

)
! Emergency stop.
<*> pcg.tex
        
*** (job aborted, no legal \end found)



Here is how much of LuaTeX's memory you used:
 26 strings out of 480994
 305230,319454 words of node,token memory allocated 253941 words of node memory still in use:
   349 hlist, 15 disc, 99 local_par, 1 dir, 5799 glue, 14 kern, 252 penalty, 296
36 glyph, 226 attribute, 39 glue_spec, 226 attribute_list nodes
   avail lists: 1:1,2:5,4:174,5:3,7:36,10:173
 17644 multiletter control sequences out of 65536+200000
 26 fonts using 3390395 bytes
 15i,1n,15p,2057b,81s stack positions out of 5000i,500n,10000p,200000b,50000s
!  ==> Fatal error occurred, no output PDF file produced!
