This is LuaHBTeX, Version 1.12.0 (MiKTeX 2.9.7440 64-bit)  (format=lualatex 2020.6.4)  18 JUN 2020 23:06
 restricted system commands enabled.
**thesis.tex
(./thesis.tex
LaTeX2e <2020-02-02> patch level 5
Lua module: luaotfload-main 2020-05-06 3.14 luaotfload entry point
Lua module: luaotfload-init 2020-05-06 3.14 luaotfload submodule / initializatio
n
Lua module: lualibs 2020-05-01 2.71 ConTeXt Lua standard libraries.
Lua module: lualibs-extended 2020-05-01 2.71 ConTeXt Lua libraries -- extended c
ollection.
Lua module: luaotfload-log 2020-05-06 3.14 luaotfload submodule / logging
Lua module: luaotfload-parsers 2020-05-06 3.14 luaotfload submodule / filelist
Lua module: luaotfload-configuration 2020-05-06 3.14 luaotfload submodule / conf
ig file reader
luaotfload | conf : Root cache directory is "C:/Users/edour/AppData/Local/MiKTeX
/2.9/luatex-cache/generic-dev/names".
luaotfload | init : Loading fontloader "fontloader-2020-05-06.lua" from kpse-res
olved path "C:/Users/edour/AppData/Local/Programs/MiKTeX 2.9/tex/luatex/luaotflo
ad/fontloader-2020-05-06.lua".
Lua-only attribute luaotfload@noligature = 1
Lua-only attribute luaotfload@syllabe = 2
luaotfload | init : Context OpenType loader version 0x1.8e353f7ced917p+1
Lua module: luaotfload-fallback 2020-05-06 3.14 luaotfload submodule / fallback
Lua module: luaotfload-multiscript 2020-05-06 3.14 luaotfload submodule / multis
cript
Lua module: luaotfload-script 2020-05-06 3.14 luaotfload submodule / Script help
ers
Inserting `luaotfload.node_processor' at position 1 in `pre_linebreak_filter'.
Inserting `luaotfload.node_processor' at position 1 in `hpack_filter'.
Lua module: luaotfload-loaders 2020-05-06 3.14 luaotfload submodule / callback h
andling
Inserting `luaotfload.define_font' at position 1 in `define_font'.
Lua module: luaotfload-database 2020-05-06 3.14 luaotfload submodule / database
Lua module: luaotfload-unicode 2020-05-06 3.14 luaotfload submodule / Unicode he
lpers
Lua module: luaotfload-colors 2020-05-06 3.14 luaotfload submodule / color
Lua-only attribute luaotfload_color_attribute = 3
Lua module: luaotfload-resolvers 2020-05-06 3.14 luaotfload submodule / resolver
s
luaotfload | conf : Root cache directory is "C:/Users/edour/AppData/Local/MiKTeX
/2.9/luatex-cache/generic-dev/names".
Lua module: luaotfload-features 2020-05-06 3.14 luaotfload submodule / features
Lua module: luaotfload-harf-define 2020-05-06 3.14 luaotfload submodule / databa
se
Inserting `luaotfload.harf.strip_prefix' at position 1 in `find_opentype_file'.
Inserting `luaotfload.harf.strip_prefix' at position 1 in `find_truetype_file'.
Lua module: luaotfload-harf-plug 2020-05-06 3.14 luaotfload submodule / database
Inserting `Harf pre_output_filter callback' at position 1 in `pre_output_filter'
.
Inserting `Harf wrapup_run callback' at position 1 in `wrapup_run'.
Inserting `Harf finish_pdffile callback' at position 1 in `finish_pdffile'.
Inserting `Harf glyph_info callback' at position 1 in `glyph_info'.
Lua module: luaotfload-letterspace 2020-05-06 3.14 luaotfload submodule / color
Lua module: luaotfload-embolden 2020-05-06 3.14 luaotfload submodule / color
Lua module: luaotfload-notdef 2020-05-06 3.14 luaotfload submodule / color
Lua module: luaotfload-suppress 2020-05-06 3.14 luaotfload submodule / suppress
Lua module: luaotfload-szss 2020-05-06 3.14 luaotfload submodule / color
Lua module: luaotfload-auxiliary 2020-05-06 3.14 luaotfload submodule / auxiliar
y functions
Inserting `luaotfload.aux.set_sscale_dimens' at position 1 in `luaotfload.patch_
font'.
Inserting `luaotfload.aux.set_font_index' at position 2 in `luaotfload.patch_fon
t'.
Inserting `luaotfload.aux.patch_cambria_domh' at position 3 in `luaotfload.patch
_font'.
Inserting `luaotfload.aux.fixup_fontdata' at position 1 in `luaotfload.patch_fon
t_unsafe'.
Inserting `luaotfload.aux.set_capheight' at position 4 in `luaotfload.patch_font
'.
Inserting `luaotfload.aux.set_xheight' at position 5 in `luaotfload.patch_font'.
Lua module: luaotfload-tounicode 2020-05-06 3.14 luaotfload submodule / tounicod
e
Inserting `luaotfload.rewrite_fontname' at position 6 in `luaotfload.patch_font'
. L3 programming layer <2020-05-15>
("C:/Users/edour/AppData/Local/Programs/MiKTeX 2.9/tex/latex/base/report.cls"
Document Class: report 2019/12/20 v1.4l Standard LaTeX document class
("C:/Users/edour/AppData/Local/Programs/MiKTeX 2.9/tex/latex/base/size12.clo"
File: size12.clo 2019/12/20 v1.4l Standard LaTeX file (size option)
luaotfload | db : Font names database loaded from C:/Users/edour/AppData/Local/M
iKTeX/2.9/luatex-cache/generic-dev/names/luaotfload-names.luc)
\c@part=\count163
\c@chapter=\count164
\c@section=\count165
\c@subsection=\count166
\c@subsubsection=\count167
\c@paragraph=\count168
\c@subparagraph=\count169
\c@figure=\count170
\c@table=\count171
\abovecaptionskip=\skip47
\belowcaptionskip=\skip48
\bibindent=\dimen134
) ("C:/Users/edour/AppData/Local/Programs/MiKTeX 2.9/tex/generic/babel/babel.st
y"
Package: babel 2020/05/13 3.44 The Babel package
 ("C:/Users/edour/AppData/Local/Programs/MiKTeX 2.9/tex/generic/babel/babel.def
"
File: babel.def 2020/05/13 3.44 Babel common definitions

("C:/Users/edour/AppData/Local/Programs/MiKTeX 2.9/tex/generic/babel/luababel.d
ef"
\bbl@readstream=\read2
\l@afrikaans=\language2
Package babel Info: Non-standard hyphenation setup on input line 117.
\l@ancientgreek=\language3
\l@armenian=\language4
\l@assamese=\language5
\l@basque=\language6
\l@belarusian=\language7
\l@bengali=\language8
\l@bokmal=\language9
\l@bulgarian=\language10
\l@catalan=\language11
\l@churchslavonic=\language12
\l@classiclatin=\language13
\l@coptic=\language14
\l@croatian=\language15
\l@czech=\language16
\l@danish=\language17
\l@dutch=\language18
\l@esperanto=\language19
\l@estonian=\language20
\l@ethiopic=\language21
\l@finnish=\language22
\l@french=\language23
\l@friulan=\language24
\l@galician=\language25
\l@georgian=\language26
\l@german=\language27
\l@greek=\language28
\l@gujarati=\language29
\l@hindi=\language30
\l@hungarian=\language31
\l@icelandic=\language32
\l@indonesian=\language33
\l@interlingua=\language34
\l@irish=\language35
\l@italian=\language36
\l@kannada=\language37
\l@kurmanji=\language38
\l@latin=\language39
\l@latvian=\language40
\l@lithuanian=\language41
\l@liturgicallatin=\language42
\l@macedonian=\language43
\l@malayalam=\language44
\l@marathi=\language45
\l@mongolian=\language46
\l@mongolianlmc=\language47
\l@monogreek=\language48
\l@ngerman=\language49
\l@nynorsk=\language50
\l@occitan=\language51
\l@oriya=\language52
\l@pali=\language53
\l@panjabi=\language54
\l@piedmontese=\language55
\l@polish=\language56
\l@portuguese=\language57
\l@romanian=\language58
\l@romansh=\language59
\l@russian=\language60
\l@sanskrit=\language61
\l@serbian=\language62
\l@serbianc=\language63
\l@slovak=\language64
\l@slovenian=\language65
\l@spanish=\language66
\l@swedish=\language67
\l@swissgerman=\language68
\l@tamil=\language69
\l@telugu=\language70
\l@thai=\language71
\l@turkish=\language72
\l@turkmen=\language73
\l@ukenglish=\language74
\l@ukrainian=\language75
\l@uppersorbian=\language76
\l@usenglishmax=\language77
\l@welsh=\language78
\babelcatcodetablenum=\catcodetable5
\bbl@pattcodes=\catcodetable6
)
\babel@savecnt=\count172
\U@D=\dimen135
\l@babelnohyphens=\language79

("C:/Users/edour/AppData/Local/Programs/MiKTeX 2.9/tex/generic/babel/luababel.d
ef"
\bbl@attr@locale=\attribute4
))
*************************************
* Local config file bblopts.cfg used
*
("C:/Users/edour/AppData/Local/Programs/MiKTeX 2.9/tex/latex/arabi/bblopts.cfg"
File: bblopts.cfg 2005/09/08 v0.1 add Arabic and Farsi to "declared" options of 
babel
)
("C:/Users/edour/AppData/Local/Programs/MiKTeX 2.9/tex/latex/babel-greek/greek.
ldf"
Language: greek 2020/03/17 v1.9j Greek support for the babel system
\bbl@monogreek=\count173
\bbl@polygreek=\count174
\bbl@ancientgreek=\count175

("C:/Users/edour/AppData/Local/Programs/MiKTeX 2.9/tex/latex/greek-fontenc/lgre
nc.def"
File: lgrenc.def 2019/07/09 v0.13.3 LGR Greek font encoding definitions

("C:/Users/edour/AppData/Local/Programs/MiKTeX 2.9/tex/latex/greek-fontenc/gree
k-fontenc.def"
File: greek-fontenc.def 2015/08/04 v0.13.4 Common Greek font encoding definition
s
))
LaTeX Info: Redefining \& on input line 116.

("C:/Users/edour/AppData/Local/Programs/MiKTeX 2.9/tex/generic/hyph-utf8/loadhy
ph/loadhyph-el-polyton.tex"
UTF-8 Hyphenation patterns for multi-accent (polytonic) Modern Greek
("C:/Users/edour/AppData/Local/Programs/MiKTeX 2.9/tex/generic/hyph-utf8/patter
ns/tex/hyph-el-polyton.tex")))
("C:/Users/edour/AppData/Local/Programs/MiKTeX 2.9/tex/latex/babel-english/engl
ish.ldf"
Language: english 2017/06/06 v3.3r English support from the babel system
Package babel Info: \l@canadian = using hyphenrules for english
(babel)             (\language0) on input line 102.
Package babel Info: \l@australian = using hyphenrules for ukenglish
(babel)             (\language74) on input line 105.
Package babel Info: \l@newzealand = using hyphenrules for ukenglish
(babel)             (\language74) on input line 108.
))
("C:/Users/edour/AppData/Local/Programs/MiKTeX 2.9/tex/latex/tools/indentfirst.
sty"
Package: indentfirst 1995/11/23 v1.03 Indent first paragraph (DPC)
)
("C:/Users/edour/AppData/Local/Programs/MiKTeX 2.9/tex/latex/geometry/geometry.
sty"
Package: geometry 2020/01/02 v5.9 Page Geometry

("C:/Users/edour/AppData/Local/Programs/MiKTeX 2.9/tex/latex/graphics/keyval.st
y"
Package: keyval 2014/10/28 v1.15 key=value parser (DPC)
\KV@toks@=\toks15
)
("C:/Users/edour/AppData/Local/Programs/MiKTeX 2.9/tex/generic/iftex/ifvtex.sty
"
Package: ifvtex 2019/10/25 v1.7 ifvtex legacy package. Use iftex instead.
 ("C:/Users/edour/AppData/Local/Programs/MiKTeX 2.9/tex/generic/iftex/iftex.sty
"
Package: iftex 2020/03/06 v1.0d TeX engine tests
))
\Gm@cnth=\count176
\Gm@cntv=\count177
\c@Gm@tempcnt=\count178
\Gm@bindingoffset=\dimen136
\Gm@wd@mp=\dimen137
\Gm@odd@mp=\dimen138
\Gm@even@mp=\dimen139
\Gm@layoutwidth=\dimen140
\Gm@layoutheight=\dimen141
\Gm@layouthoffset=\dimen142
\Gm@layoutvoffset=\dimen143
\Gm@dimlist=\toks16

("C:/Users/edour/AppData/Local/Programs/MiKTeX 2.9/tex/latex/geometry/geometry.
cfg"))
("C:/Users/edour/AppData/Local/Programs/MiKTeX 2.9/tex/latex/tocbibind/tocbibin
d.sty"
Package: tocbibind 2010/10/13 v1.5k extra ToC listings
Package tocbibind Info: The document has chapter divisions on input line 50.


Package tocbibind Note: Using chapter style headings, unless overridden.

)
("C:/Users/edour/AppData/Local/Programs/MiKTeX 2.9/tex/latex/xltxtra/xltxtra.st
y"
Package: xltxtra 2018/12/31 v0.7 Improvements for the "XeLaTeX" format

("C:/Users/edour/AppData/Local/Programs/MiKTeX 2.9/tex/generic/iftex/ifluatex.s
ty"
Package: ifluatex 2019/10/25 v1.5 ifluatex legacy package. Use iftex instead.
)

Package xltxtra Warning: 
 XLTXTRA IS TO BE USED ONLY UNDER XETEX. LOAD FONTSPEC DIRECTLY, INSTEAD.
 ABORTING LOADING.


("C:/Users/edour/AppData/Local/Programs/MiKTeX 2.9/tex/latex/fontspec/fontspec.
sty"
("C:/Users/edour/AppData/Local/Programs/MiKTeX 2.9/tex/latex/l3packages/xparse/
xparse.sty"
("C:/Users/edour/AppData/Local/Programs/MiKTeX 2.9/tex/latex/l3kernel/expl3.sty
"
Package: expl3 2020-05-15 L3 programming layer (loader) 

("C:/Users/edour/AppData/Local/Programs/MiKTeX 2.9/tex/latex/l3backend/l3backen
d-pdfmode.def"
File: l3backend-pdfmode.def 2020-05-05 L3 backend support: PDF mode
\l__kernel_color_stack_int=\count179
\l__pdf_internal_box=\box45
))
Package: xparse 2020-05-15 L3 Experimental document command parser

("C:/Users/edour/AppData/Local/Programs/MiKTeX 2.9/tex/latex/l3packages/xparse/
xparse-generic.tex"
\l__xparse_current_arg_int=\count180
\g__xparse_grabber_int=\count181
\l__xparse_m_args_int=\count182
\l__xparse_v_nesting_int=\count183
))
Package: fontspec 2020/02/21 v2.7i Font selection for XeLaTeX and LuaLaTeX
Lua module: fontspec 2020/02/21 2.7i Font selection for XeLaTeX and LuaLaTeX
("C:/Users/edour/AppData/Local/Programs/MiKTeX 2.9/tex/latex/fontspec/fontspec-
luatex.sty"
Package: fontspec-luatex 2020/02/21 v2.7i Font selection for XeLaTeX and LuaLaTe
X
\l__fontspec_script_int=\count184
\l__fontspec_language_int=\count185
\l__fontspec_strnum_int=\count186
\l__fontspec_tmp_int=\count187
\l__fontspec_tmpa_int=\count188
\l__fontspec_tmpb_int=\count189
\l__fontspec_tmpc_int=\count190
\l__fontspec_em_int=\count191
\l__fontspec_emdef_int=\count192
\l__fontspec_strong_int=\count193
\l__fontspec_strongdef_int=\count194
\l__fontspec_tmpa_dim=\dimen144
\l__fontspec_tmpb_dim=\dimen145
\l__fontspec_tmpc_dim=\dimen146

("C:/Users/edour/AppData/Local/Programs/MiKTeX 2.9/tex/latex/base/fontenc.sty"
Package: fontenc 2020/02/11 v2.0o Standard LaTeX package
)
("C:/Users/edour/AppData/Local/Programs/MiKTeX 2.9/tex/latex/fontspec/fontspec.
cfg"))))
("C:/Users/edour/AppData/Local/Programs/MiKTeX 2.9/tex/latex/xcolor/xcolor.sty"
Package: xcolor 2016/05/11 v2.12 LaTeX color extensions (UK)

("C:/Users/edour/AppData/Local/Programs/MiKTeX 2.9/tex/latex/graphics-cfg/color
.cfg"
File: color.cfg 2016/01/02 v1.6 sample color configuration
)
Package xcolor Info: Driver file: luatex.def on input line 225.

("C:/Users/edour/AppData/Local/Programs/MiKTeX 2.9/tex/latex/graphics-def/luate
x.def"
File: luatex.def 2018/01/08 v1.0l Graphics/color driver for luatex
)
("C:/Users/edour/AppData/Local/Programs/MiKTeX 2.9/tex/latex/colortbl/colortbl.
sty"
Package: colortbl 2020/01/04 v1.0e Color table columns (DPC)

("C:/Users/edour/AppData/Local/Programs/MiKTeX 2.9/tex/latex/tools/array.sty"
Package: array 2019/08/31 v2.4l Tabular extension package (FMi)
\col@sep=\dimen147
\ar@mcellbox=\box46
\extrarowheight=\dimen148
\NC@list=\toks17
\extratabsurround=\skip49
\backup@length=\skip50
\ar@cellbox=\box47
)
\everycr=\toks18
\minrowclearance=\skip51
)
\rownum=\count195
Package xcolor Info: Model `cmy' substituted by `cmy0' on input line 1348.
Package xcolor Info: Model `hsb' substituted by `rgb' on input line 1352.
Package xcolor Info: Model `RGB' extended on input line 1364.
Package xcolor Info: Model `HTML' substituted by `rgb' on input line 1366.
Package xcolor Info: Model `Hsb' substituted by `hsb' on input line 1367.
Package xcolor Info: Model `tHsb' substituted by `hsb' on input line 1368.
Package xcolor Info: Model `HSB' substituted by `hsb' on input line 1369.
Package xcolor Info: Model `Gray' substituted by `gray' on input line 1370.
Package xcolor Info: Model `wave' substituted by `hsb' on input line 1371.
)
("C:/Users/edour/AppData/Local/Programs/MiKTeX 2.9/tex/latex/libertine/libertin
e.sty"
Package: libertine 2020/03/26 (Bob Tennent) Supports Libertine and Biolinum font
s for all LaTeX engines.

("C:/Users/edour/AppData/Local/Programs/MiKTeX 2.9/tex/generic/iftex/ifxetex.st
y"
Package: ifxetex 2019/10/25 v0.7 ifxetex legacy package. Use iftex instead.
)
("C:/Users/edour/AppData/Local/Programs/MiKTeX 2.9/tex/latex/xkeyval/xkeyval.st
y"
Package: xkeyval 2014/12/03 v2.7a package option processing (HA)

("C:/Users/edour/AppData/Local/Programs/MiKTeX 2.9/tex/generic/xkeyval/xkeyval.
tex"
("C:/Users/edour/AppData/Local/Programs/MiKTeX 2.9/tex/generic/xkeyval/xkvutils
.tex"
\XKV@toks=\toks19
\XKV@tempa@toks=\toks20
)
\XKV@depth=\count196
File: xkeyval.tex 2014/12/03 v2.7a key=value parser (HA)
))
("C:/Users/edour/AppData/Local/Programs/MiKTeX 2.9/tex/latex/base/textcomp.sty"
Package: textcomp 2020/02/02 v2.0n Standard LaTeX package
)

Package fontspec Info: Font family 'LinLibertine(0)' created for font
(fontspec)             'LinLibertine' with options [Ligatures = TeX,Extension
(fontspec)             =
(fontspec)             .otf,SmallCapsFeatures={Letters=SmallCaps},Ligatures=TeX,
Numbers
(fontspec)             = {Monospaced,Lining},Scale = 1,UprightFont =
(fontspec)             *_R,ItalicFont = *_RI,BoldFont = *_RB,BoldItalicFont =
(fontspec)             *_RBI].
(fontspec)              
(fontspec)              This font family consists of the following NFSS
(fontspec)             series/shapes:
(fontspec)              
(fontspec)             - 'normal' (m/n) with NFSS spec.:
(fontspec)             <->s*[1]"[LinLibertine_R.otf]:mode=node;script=latn;langu
age=dflt;+tlig;+tnum;+lnum;"
(fontspec)             - 'small caps'  (m/sc) with NFSS spec.:
(fontspec)             <->s*[1]"[LinLibertine_R.otf]:mode=node;script=latn;langu
age=dflt;+tlig;+tnum;+lnum;+smcp;"
(fontspec)             - 'bold' (b/n) with NFSS spec.:
(fontspec)             <->s*[1]"[LinLibertine_RB.otf]:mode=node;script=latn;lang
uage=dflt;+tlig;+tnum;+lnum;"
(fontspec)             - 'bold small caps'  (b/sc) with NFSS spec.:
(fontspec)             <->s*[1]"[LinLibertine_RB.otf]:mode=node;script=latn;lang
uage=dflt;+tlig;+tnum;+lnum;+smcp;"
(fontspec)             - 'italic' (m/it) with NFSS spec.:
(fontspec)             <->s*[1]"[LinLibertine_RI.otf]:mode=node;script=latn;lang
uage=dflt;+tlig;+tnum;+lnum;"
(fontspec)             - 'italic small caps'  (m/scit) with NFSS spec.:
(fontspec)             <->s*[1]"[LinLibertine_RI.otf]:mode=node;script=latn;lang
uage=dflt;+tlig;+tnum;+lnum;+smcp;"
(fontspec)             - 'bold italic' (b/it) with NFSS spec.:
(fontspec)             <->s*[1]"[LinLibertine_RBI.otf]:mode=node;script=latn;lan
guage=dflt;+tlig;+tnum;+lnum;"
(fontspec)             - 'bold italic small caps'  (b/scit) with NFSS spec.:
(fontspec)             <->s*[1]"[LinLibertine_RBI.otf]:mode=node;script=latn;lan
guage=dflt;+tlig;+tnum;+lnum;+smcp;"

LaTeX Font Info:    Font shape `TU/LinLibertine(0)/m/n' will be
(Font)              scaled to size 12.0pt on input line 308.

Package fontspec Info: Font family 'LinBiolinum(0)' created for font
(fontspec)             'LinBiolinum' with options [Ligatures = TeX,Extension =
(fontspec)             .otf,SmallCapsFeatures={Letters=SmallCaps},Ligatures=TeX,
Numbers
(fontspec)             = {Monospaced, Lining},Scale = 1,UprightFont =
(fontspec)             *_R,ItalicFont = *_RI,BoldFont = *_RB,BoldItalicFont =
(fontspec)             *_RBO].
(fontspec)              
(fontspec)              This font family consists of the following NFSS
(fontspec)             series/shapes:
(fontspec)              
(fontspec)             - 'normal' (m/n) with NFSS spec.:
(fontspec)             <->s*[1]"[LinBiolinum_R.otf]:mode=node;script=latn;langua
ge=dflt;+tlig;+tnum;+lnum;"
(fontspec)             - 'small caps'  (m/sc) with NFSS spec.:
(fontspec)             <->s*[1]"[LinBiolinum_R.otf]:mode=node;script=latn;langua
ge=dflt;+tlig;+tnum;+lnum;+smcp;"
(fontspec)             - 'bold' (b/n) with NFSS spec.:
(fontspec)             <->s*[1]"[LinBiolinum_RB.otf]:mode=node;script=latn;langu
age=dflt;+tlig;+tnum;+lnum;"
(fontspec)             - 'bold small caps'  (b/sc) with NFSS spec.:
(fontspec)             <->s*[1]"[LinBiolinum_RB.otf]:mode=node;script=latn;langu
age=dflt;+tlig;+tnum;+lnum;+smcp;"
(fontspec)             - 'italic' (m/it) with NFSS spec.:
(fontspec)             <->s*[1]"[LinBiolinum_RI.otf]:mode=node;script=latn;langu
age=dflt;+tlig;+tnum;+lnum;"
(fontspec)             - 'italic small caps'  (m/scit) with NFSS spec.:
(fontspec)             <->s*[1]"[LinBiolinum_RI.otf]:mode=node;script=latn;langu
age=dflt;+tlig;+tnum;+lnum;+smcp;"
(fontspec)             - 'bold italic' (b/it) with NFSS spec.:
(fontspec)             <->s*[1]"[LinBiolinum_RBO.otf]:mode=node;script=latn;lang
uage=dflt;+tlig;+tnum;+lnum;"
(fontspec)             - 'bold italic small caps'  (b/scit) with NFSS spec.:
(fontspec)             <->s*[1]"[LinBiolinum_RBO.otf]:mode=node;script=latn;lang
uage=dflt;+tlig;+tnum;+lnum;+smcp;"


Package fontspec Info: Font family 'LinLibertine(1)' created for font
(fontspec)             'LinLibertine' with options [Ligatures = TeX,Extension
(fontspec)             = .otf,SmallCapsFeatures={Letters=SmallCaps},Numbers =
(fontspec)             {Monospaced,Lining},Scale = 1,UprightFont =
(fontspec)             *_R,ItalicFont = *_RI,BoldFont = *_RB,BoldItalicFont =
(fontspec)             *_RBI].
(fontspec)              
(fontspec)              This font family consists of the following NFSS
(fontspec)             series/shapes:
(fontspec)              
(fontspec)             - 'normal' (m/n) with NFSS spec.:
(fontspec)             <->s*[1]"[LinLibertine_R.otf]:mode=node;script=latn;langu
age=dflt;+tlig;+tnum;+lnum;"
(fontspec)             - 'small caps'  (m/sc) with NFSS spec.:
(fontspec)             <->s*[1]"[LinLibertine_R.otf]:mode=node;script=latn;langu
age=dflt;+tlig;+tnum;+lnum;+smcp;"
(fontspec)             - 'bold' (b/n) with NFSS spec.:
(fontspec)             <->s*[1]"[LinLibertine_RB.otf]:mode=node;script=latn;lang
uage=dflt;+tlig;+tnum;+lnum;"
(fontspec)             - 'bold small caps'  (b/sc) with NFSS spec.:
(fontspec)             <->s*[1]"[LinLibertine_RB.otf]:mode=node;script=latn;lang
uage=dflt;+tlig;+tnum;+lnum;+smcp;"
(fontspec)             - 'italic' (m/it) with NFSS spec.:
(fontspec)             <->s*[1]"[LinLibertine_RI.otf]:mode=node;script=latn;lang
uage=dflt;+tlig;+tnum;+lnum;"
(fontspec)             - 'italic small caps'  (m/scit) with NFSS spec.:
(fontspec)             <->s*[1]"[LinLibertine_RI.otf]:mode=node;script=latn;lang
uage=dflt;+tlig;+tnum;+lnum;+smcp;"
(fontspec)             - 'bold italic' (b/it) with NFSS spec.:
(fontspec)             <->s*[1]"[LinLibertine_RBI.otf]:mode=node;script=latn;lan
guage=dflt;+tlig;+tnum;+lnum;"
(fontspec)             - 'bold italic small caps'  (b/scit) with NFSS spec.:
(fontspec)             <->s*[1]"[LinLibertine_RBI.otf]:mode=node;script=latn;lan
guage=dflt;+tlig;+tnum;+lnum;+smcp;"


Package fontspec Info: Font family 'LinLibertine(2)' created for font
(fontspec)             'LinLibertine' with options [Ligatures = TeX,Extension
(fontspec)             = .otf,SmallCapsFeatures={Letters=SmallCaps},Numbers =
(fontspec)             { Monospaced, Lining},Scale = 1,UprightFont =
(fontspec)             *_RZ,ItalicFont = *_RZI,BoldFont = *_RB,BoldItalicFont
(fontspec)             = *_RBI].
(fontspec)              
(fontspec)              This font family consists of the following NFSS
(fontspec)             series/shapes:
(fontspec)              
(fontspec)             - 'normal' (m/n) with NFSS spec.:
(fontspec)             <->s*[1]"[LinLibertine_RZ.otf]:mode=node;script=latn;lang
uage=dflt;+tlig;+tnum;+lnum;"
(fontspec)             - 'small caps'  (m/sc) with NFSS spec.:
(fontspec)             <->s*[1]"[LinLibertine_RZ.otf]:mode=node;script=latn;lang
uage=dflt;+tlig;+tnum;+lnum;+smcp;"
(fontspec)             - 'bold' (b/n) with NFSS spec.:
(fontspec)             <->s*[1]"[LinLibertine_RB.otf]:mode=node;script=latn;lang
uage=dflt;+tlig;+tnum;+lnum;"
(fontspec)             - 'bold small caps'  (b/sc) with NFSS spec.:
(fontspec)             <->s*[1]"[LinLibertine_RB.otf]:mode=node;script=latn;lang
uage=dflt;+tlig;+tnum;+lnum;+smcp;"
(fontspec)             - 'italic' (m/it) with NFSS spec.:
(fontspec)             <->s*[1]"[LinLibertine_RZI.otf]:mode=node;script=latn;lan
guage=dflt;+tlig;+tnum;+lnum;"
(fontspec)             - 'italic small caps'  (m/scit) with NFSS spec.:
(fontspec)             <->s*[1]"[LinLibertine_RZI.otf]:mode=node;script=latn;lan
guage=dflt;+tlig;+tnum;+lnum;+smcp;"
(fontspec)             - 'bold italic' (b/it) with NFSS spec.:
(fontspec)             <->s*[1]"[LinLibertine_RBI.otf]:mode=node;script=latn;lan
guage=dflt;+tlig;+tnum;+lnum;"
(fontspec)             - 'bold italic small caps'  (b/scit) with NFSS spec.:
(fontspec)             <->s*[1]"[LinLibertine_RBI.otf]:mode=node;script=latn;lan
guage=dflt;+tlig;+tnum;+lnum;+smcp;"


Package fontspec Info: Font family 'LinLibertine(3)' created for font
(fontspec)             'LinLibertine' with options [Ligatures = TeX,Extension
(fontspec)             = .otf,SmallCapsFeatures={Letters=SmallCaps},Numbers =
(fontspec)             {Monospaced,OldStyle},Scale = 1,UprightFont =
(fontspec)             *_R,ItalicFont = *_RI,BoldFont = *_RB,BoldItalicFont =
(fontspec)             *_RBI].
(fontspec)              
(fontspec)              This font family consists of the following NFSS
(fontspec)             series/shapes:
(fontspec)              
(fontspec)             - 'normal' (m/n) with NFSS spec.:
(fontspec)             <->s*[1]"[LinLibertine_R.otf]:mode=node;script=latn;langu
age=dflt;+tlig;+tnum;+onum;"
(fontspec)             - 'small caps'  (m/sc) with NFSS spec.:
(fontspec)             <->s*[1]"[LinLibertine_R.otf]:mode=node;script=latn;langu
age=dflt;+tlig;+tnum;+onum;+smcp;"
(fontspec)             - 'bold' (b/n) with NFSS spec.:
(fontspec)             <->s*[1]"[LinLibertine_RB.otf]:mode=node;script=latn;lang
uage=dflt;+tlig;+tnum;+onum;"
(fontspec)             - 'bold small caps'  (b/sc) with NFSS spec.:
(fontspec)             <->s*[1]"[LinLibertine_RB.otf]:mode=node;script=latn;lang
uage=dflt;+tlig;+tnum;+onum;+smcp;"
(fontspec)             - 'italic' (m/it) with NFSS spec.:
(fontspec)             <->s*[1]"[LinLibertine_RI.otf]:mode=node;script=latn;lang
uage=dflt;+tlig;+tnum;+onum;"
(fontspec)             - 'italic small caps'  (m/scit) with NFSS spec.:
(fontspec)             <->s*[1]"[LinLibertine_RI.otf]:mode=node;script=latn;lang
uage=dflt;+tlig;+tnum;+onum;+smcp;"
(fontspec)             - 'bold italic' (b/it) with NFSS spec.:
(fontspec)             <->s*[1]"[LinLibertine_RBI.otf]:mode=node;script=latn;lan
guage=dflt;+tlig;+tnum;+onum;"
(fontspec)             - 'bold italic small caps'  (b/scit) with NFSS spec.:
(fontspec)             <->s*[1]"[LinLibertine_RBI.otf]:mode=node;script=latn;lan
guage=dflt;+tlig;+tnum;+onum;+smcp;"

luaotfload | aux : font no 46 (nil) does not define feature smcp for script latn
 with language dflt

Package fontspec Info: Font family 'LinLibertine(4)' created for font
(fontspec)             'LinLibertine' with options [Ligatures = TeX,Extension
(fontspec)             = .otf,SmallCapsFeatures={Letters=SmallCaps},Numbers =
(fontspec)             {Monospaced,Lining},UprightFont = *_DR,ItalicFont =
(fontspec)             *_RI,BoldFont = *_RB,BoldItalicFont = *_RBI].
(fontspec)              
(fontspec)              This font family consists of the following NFSS
(fontspec)             series/shapes:
(fontspec)              
(fontspec)             - 'normal' (m/n) with NFSS spec.:
(fontspec)             <->"[LinLibertine_DR.otf]:mode=node;script=latn;language=
dflt;+tlig;+tnum;+lnum;"
(fontspec)             - 'small caps'  (m/sc) with NFSS spec.: 
(fontspec)             - 'bold' (b/n) with NFSS spec.:
(fontspec)             <->"[LinLibertine_RB.otf]:mode=node;script=latn;language=
dflt;+tlig;+tnum;+lnum;"
(fontspec)             - 'bold small caps'  (b/sc) with NFSS spec.:
(fontspec)             <->"[LinLibertine_RB.otf]:mode=node;script=latn;language=
dflt;+tlig;+tnum;+lnum;+smcp;"
(fontspec)             - 'italic' (m/it) with NFSS spec.:
(fontspec)             <->"[LinLibertine_RI.otf]:mode=node;script=latn;language=
dflt;+tlig;+tnum;+lnum;"
(fontspec)             - 'italic small caps'  (m/scit) with NFSS spec.:
(fontspec)             <->"[LinLibertine_RI.otf]:mode=node;script=latn;language=
dflt;+tlig;+tnum;+lnum;+smcp;"
(fontspec)             - 'bold italic' (b/it) with NFSS spec.:
(fontspec)             <->"[LinLibertine_RBI.otf]:mode=node;script=latn;language
=dflt;+tlig;+tnum;+lnum;"
(fontspec)             - 'bold italic small caps'  (b/scit) with NFSS spec.:
(fontspec)             <->"[LinLibertine_RBI.otf]:mode=node;script=latn;language
=dflt;+tlig;+tnum;+lnum;+smcp;"


Package fontspec Info: Font family 'LinBiolinum(1)' created for font
(fontspec)             'LinBiolinum' with options [Ligatures = TeX,Extension =
(fontspec)             .otf,SmallCapsFeatures={Letters=SmallCaps},Numbers =
(fontspec)             {Monospaced, Lining},Scale = 1,UprightFont =
(fontspec)             *_R,ItalicFont = *_RI,BoldFont = *_RB,BoldItalicFont =
(fontspec)             *_RBO].
(fontspec)              
(fontspec)              This font family consists of the following NFSS
(fontspec)             series/shapes:
(fontspec)              
(fontspec)             - 'normal' (m/n) with NFSS spec.:
(fontspec)             <->s*[1]"[LinBiolinum_R.otf]:mode=node;script=latn;langua
ge=dflt;+tlig;+tnum;+lnum;"
(fontspec)             - 'small caps'  (m/sc) with NFSS spec.:
(fontspec)             <->s*[1]"[LinBiolinum_R.otf]:mode=node;script=latn;langua
ge=dflt;+tlig;+tnum;+lnum;+smcp;"
(fontspec)             - 'bold' (b/n) with NFSS spec.:
(fontspec)             <->s*[1]"[LinBiolinum_RB.otf]:mode=node;script=latn;langu
age=dflt;+tlig;+tnum;+lnum;"
(fontspec)             - 'bold small caps'  (b/sc) with NFSS spec.:
(fontspec)             <->s*[1]"[LinBiolinum_RB.otf]:mode=node;script=latn;langu
age=dflt;+tlig;+tnum;+lnum;+smcp;"
(fontspec)             - 'italic' (m/it) with NFSS spec.:
(fontspec)             <->s*[1]"[LinBiolinum_RI.otf]:mode=node;script=latn;langu
age=dflt;+tlig;+tnum;+lnum;"
(fontspec)             - 'italic small caps'  (m/scit) with NFSS spec.:
(fontspec)             <->s*[1]"[LinBiolinum_RI.otf]:mode=node;script=latn;langu
age=dflt;+tlig;+tnum;+lnum;+smcp;"
(fontspec)             - 'bold italic' (b/it) with NFSS spec.:
(fontspec)             <->s*[1]"[LinBiolinum_RBO.otf]:mode=node;script=latn;lang
uage=dflt;+tlig;+tnum;+lnum;"
(fontspec)             - 'bold italic small caps'  (b/scit) with NFSS spec.:
(fontspec)             <->s*[1]"[LinBiolinum_RBO.otf]:mode=node;script=latn;lang
uage=dflt;+tlig;+tnum;+lnum;+smcp;"


Package fontspec Info: Font family 'LinBiolinum(2)' created for font
(fontspec)             'LinBiolinum' with options [Ligatures = TeX,Extension =
(fontspec)             .otf,SmallCapsFeatures={Letters=SmallCaps},Numbers =
(fontspec)             {Monospaced, OldStyle},Scale = 1,UprightFont =
(fontspec)             *_R,ItalicFont = *_RI,BoldFont = *_RB,BoldItalicFont =
(fontspec)             *_RBO].
(fontspec)              
(fontspec)              This font family consists of the following NFSS
(fontspec)             series/shapes:
(fontspec)              
(fontspec)             - 'normal' (m/n) with NFSS spec.:
(fontspec)             <->s*[1]"[LinBiolinum_R.otf]:mode=node;script=latn;langua
ge=dflt;+tlig;+tnum;+onum;"
(fontspec)             - 'small caps'  (m/sc) with NFSS spec.:
(fontspec)             <->s*[1]"[LinBiolinum_R.otf]:mode=node;script=latn;langua
ge=dflt;+tlig;+tnum;+onum;+smcp;"
(fontspec)             - 'bold' (b/n) with NFSS spec.:
(fontspec)             <->s*[1]"[LinBiolinum_RB.otf]:mode=node;script=latn;langu
age=dflt;+tlig;+tnum;+onum;"
(fontspec)             - 'bold small caps'  (b/sc) with NFSS spec.:
(fontspec)             <->s*[1]"[LinBiolinum_RB.otf]:mode=node;script=latn;langu
age=dflt;+tlig;+tnum;+onum;+smcp;"
(fontspec)             - 'italic' (m/it) with NFSS spec.:
(fontspec)             <->s*[1]"[LinBiolinum_RI.otf]:mode=node;script=latn;langu
age=dflt;+tlig;+tnum;+onum;"
(fontspec)             - 'italic small caps'  (m/scit) with NFSS spec.:
(fontspec)             <->s*[1]"[LinBiolinum_RI.otf]:mode=node;script=latn;langu
age=dflt;+tlig;+tnum;+onum;+smcp;"
(fontspec)             - 'bold italic' (b/it) with NFSS spec.:
(fontspec)             <->s*[1]"[LinBiolinum_RBO.otf]:mode=node;script=latn;lang
uage=dflt;+tlig;+tnum;+onum;"
(fontspec)             - 'bold italic small caps'  (b/scit) with NFSS spec.:
(fontspec)             <->s*[1]"[LinBiolinum_RBO.otf]:mode=node;script=latn;lang
uage=dflt;+tlig;+tnum;+onum;+smcp;"

luaotfload | aux : font no 49 (nil) does not define feature smcp for script latn
 with language dflt
luaotfload | aux : font no 50 (nil) does not define feature smcp for script latn
 with language dflt
luaotfload | aux : font no 51 (nil) does not define feature smcp for script latn
 with language dflt
luaotfload | aux : font no 52 (nil) does not define feature smcp for script latn
 with language dflt

Package fontspec Info: Font family 'LinLibertine(5)' created for font
(fontspec)             'LinLibertine' with options [Extension =
(fontspec)             .otf,HyphenChar=None,WordSpace={1,0,0},HyphenChar=None,Pu
nctuationSpace=WordSpace,Scale
(fontspec)             = 1,UprightFont = *_M,ItalicFont = *_MO,BoldFont =
(fontspec)             *_MB,BoldItalicFont = *_MBO].
(fontspec)              
(fontspec)              This font family consists of the following NFSS
(fontspec)             series/shapes:
(fontspec)              
(fontspec)             - 'normal' (m/n) with NFSS spec.:
(fontspec)             <->s*[1]"[LinLibertine_M.otf]:mode=node;script=latn;langu
age=dflt;"
(fontspec)             - 'small caps'  (m/sc) with NFSS spec.: 
(fontspec)             and font adjustment code:
(fontspec)             \fontdimen 2\font =1\fontdimen 2\font \fontdimen 3\font
(fontspec)             =0\fontdimen 3\font \fontdimen 4\font =0\fontdimen
(fontspec)             4\font \fontdimen 7\font =0\fontdimen 2\font
(fontspec)             \tex_hyphenchar:D \font =-1\scan_stop:
(fontspec)             \tex_hyphenchar:D \font =-1\scan_stop: 
(fontspec)             - 'bold' (b/n) with NFSS spec.:
(fontspec)             <->s*[1]"[LinLibertine_MB.otf]:mode=node;script=latn;lang
uage=dflt;"
(fontspec)             - 'bold small caps'  (b/sc) with NFSS spec.: 
(fontspec)             and font adjustment code:
(fontspec)             \fontdimen 2\font =1\fontdimen 2\font \fontdimen 3\font
(fontspec)             =0\fontdimen 3\font \fontdimen 4\font =0\fontdimen
(fontspec)             4\font \fontdimen 7\font =0\fontdimen 2\font
(fontspec)             \tex_hyphenchar:D \font =-1\scan_stop:
(fontspec)             \tex_hyphenchar:D \font =-1\scan_stop: 
(fontspec)             - 'italic' (m/it) with NFSS spec.:
(fontspec)             <->s*[1]"[LinLibertine_MO.otf]:mode=node;script=latn;lang
uage=dflt;"
(fontspec)             - 'italic small caps'  (m/scit) with NFSS spec.: 
(fontspec)             and font adjustment code:
(fontspec)             \fontdimen 2\font =1\fontdimen 2\font \fontdimen 3\font
(fontspec)             =0\fontdimen 3\font \fontdimen 4\font =0\fontdimen
(fontspec)             4\font \fontdimen 7\font =0\fontdimen 2\font
(fontspec)             \tex_hyphenchar:D \font =-1\scan_stop:
(fontspec)             \tex_hyphenchar:D \font =-1\scan_stop: 
(fontspec)             - 'bold italic' (b/it) with NFSS spec.:
(fontspec)             <->s*[1]"[LinLibertine_MBO.otf]:mode=node;script=latn;lan
guage=dflt;"
(fontspec)             - 'bold italic small caps'  (b/scit) with NFSS spec.: 
(fontspec)             and font adjustment code:
(fontspec)             \fontdimen 2\font =1\fontdimen 2\font \fontdimen 3\font
(fontspec)             =0\fontdimen 3\font \fontdimen 4\font =0\fontdimen
(fontspec)             4\font \fontdimen 7\font =0\fontdimen 2\font
(fontspec)             \tex_hyphenchar:D \font =-1\scan_stop:
(fontspec)             \tex_hyphenchar:D \font =-1\scan_stop: 

luaotfload | aux : font no 49 (nil) does not define feature smcp for script latn
 with language dflt
luaotfload | aux : font no 50 (nil) does not define feature smcp for script latn
 with language dflt
luaotfload | aux : font no 51 (nil) does not define feature smcp for script latn
 with language dflt
luaotfload | aux : font no 52 (nil) does not define feature smcp for script latn
 with language dflt

Package fontspec Info: Font family 'LinLibertine(6)' created for font
(fontspec)             'LinLibertine' with options [Extension =
(fontspec)             .otf,HyphenChar=None,Scale = 1,UprightFont =
(fontspec)             *_M,ItalicFont = *_MO,BoldFont = *_MB,BoldItalicFont =
(fontspec)             *_MBO].
(fontspec)              
(fontspec)              This font family consists of the following NFSS
(fontspec)             series/shapes:
(fontspec)              
(fontspec)             - 'normal' (m/n) with NFSS spec.:
(fontspec)             <->s*[1]"[LinLibertine_M.otf]:mode=node;script=latn;langu
age=dflt;"
(fontspec)             - 'small caps'  (m/sc) with NFSS spec.: 
(fontspec)             and font adjustment code:
(fontspec)             \tex_hyphenchar:D \font =-1\scan_stop: 
(fontspec)             - 'bold' (b/n) with NFSS spec.:
(fontspec)             <->s*[1]"[LinLibertine_MB.otf]:mode=node;script=latn;lang
uage=dflt;"
(fontspec)             - 'bold small caps'  (b/sc) with NFSS spec.: 
(fontspec)             and font adjustment code:
(fontspec)             \tex_hyphenchar:D \font =-1\scan_stop: 
(fontspec)             - 'italic' (m/it) with NFSS spec.:
(fontspec)             <->s*[1]"[LinLibertine_MO.otf]:mode=node;script=latn;lang
uage=dflt;"
(fontspec)             - 'italic small caps'  (m/scit) with NFSS spec.: 
(fontspec)             and font adjustment code:
(fontspec)             \tex_hyphenchar:D \font =-1\scan_stop: 
(fontspec)             - 'bold italic' (b/it) with NFSS spec.:
(fontspec)             <->s*[1]"[LinLibertine_MBO.otf]:mode=node;script=latn;lan
guage=dflt;"
(fontspec)             - 'bold italic small caps'  (b/scit) with NFSS spec.: 
(fontspec)             and font adjustment code:
(fontspec)             \tex_hyphenchar:D \font =-1\scan_stop: 


Package fontspec Info: Font family 'LinBiolinum_K(0)' created for font
(fontspec)             'LinBiolinum_K' with options [Extension =
(fontspec)             .otf,HyphenChar=None,BoldFont={},ItalicFont={},SmallCapsF
ont={}].
(fontspec)              
(fontspec)              This font family consists of the following NFSS
(fontspec)             series/shapes:
(fontspec)              
(fontspec)             - 'normal' (m/n) with NFSS spec.:
(fontspec)             <->"[LinBiolinum_K.otf]:mode=node;script=latn;language=df
lt;"
(fontspec)             - 'small caps'  (m/sc) with NFSS spec.: 
(fontspec)             and font adjustment code:
(fontspec)             \tex_hyphenchar:D \font =-1\scan_stop: 


Package fontspec Info: Font family 'LinLibertine_I(0)' created for font
(fontspec)             'LinLibertine_I' with options [Extension =
(fontspec)             .otf,HyphenChar=None,BoldFont={},ItalicFont={},SmallCapsF
ont={}].
(fontspec)              
(fontspec)              This font family consists of the following NFSS
(fontspec)             series/shapes:
(fontspec)              
(fontspec)             - 'normal' (m/n) with NFSS spec.:
(fontspec)             <->"[LinLibertine_I.otf]:mode=node;script=latn;language=d
flt;"
(fontspec)             - 'small caps'  (m/sc) with NFSS spec.: 
(fontspec)             and font adjustment code:
(fontspec)             \tex_hyphenchar:D \font =-1\scan_stop: 

LaTeX Info: Redefining \oldstylenums on input line 474.
LaTeX Info: Redefining \liningnums on input line 475.

("C:/Users/edour/AppData/Local/Programs/MiKTeX 2.9/tex/latex/libertine/LinLiber
tine_R.tex")
("C:/Users/edour/AppData/Local/Programs/MiKTeX 2.9/tex/latex/libertine/LinBioli
num_R.tex")
("C:/Users/edour/AppData/Local/Programs/MiKTeX 2.9/tex/latex/libertine/LinBioli
num_K.tex")
("C:/Users/edour/AppData/Local/Programs/MiKTeX 2.9/tex/latex/libertine/LinLiber
tine_I.tex")
("C:/Users/edour/AppData/Local/Programs/MiKTeX 2.9/tex/latex/libertine/LKey.tex
"))
("C:/Users/edour/AppData/Local/Programs/MiKTeX 2.9/tex/latex/graphics/graphicx.
sty"
Package: graphicx 2019/11/30 v1.2a Enhanced LaTeX Graphics (DPC,SPQR)

("C:/Users/edour/AppData/Local/Programs/MiKTeX 2.9/tex/latex/graphics/graphics.
sty"
Package: graphics 2019/11/30 v1.4a Standard LaTeX Graphics (DPC,SPQR)

("C:/Users/edour/AppData/Local/Programs/MiKTeX 2.9/tex/latex/graphics/trig.sty"
Package: trig 2016/01/03 v1.10 sin cos tan (DPC)
)
("C:/Users/edour/AppData/Local/Programs/MiKTeX 2.9/tex/latex/graphics-cfg/graph
ics.cfg"
File: graphics.cfg 2016/06/04 v1.11 sample graphics configuration
)
Package graphics Info: Driver file: luatex.def on input line 105.
)
\Gin@req@height=\dimen149
\Gin@req@width=\dimen150
)
("C:/Users/edour/AppData/Local/Programs/MiKTeX 2.9/tex/latex/subfigure/subfigur
e.sty"
Package: subfigure 2002/07/30 v2.1.4 subfigure package
\subfigtopskip=\skip52
\subfigcapskip=\skip53
\subfigcaptopadj=\dimen151
\subfigbottomskip=\skip54
\subfigcapmargin=\dimen152
\subfiglabelskip=\skip55
\c@subfigure=\count197
\c@lofdepth=\count198
\c@subtable=\count199
\c@lotdepth=\count266

****************************************
* Local config file subfigure.cfg used *
****************************************

("C:/Users/edour/AppData/Local/Programs/MiKTeX 2.9/tex/latex/subfigure/subfigur
e.cfg")
\subfig@top=\skip56
\subfig@bottom=\skip57
)
("C:/Users/edour/AppData/Local/Programs/MiKTeX 2.9/tex/latex/amsmath/amsmath.st
y"
Package: amsmath 2020/01/20 v2.17e AMS math features
\@mathmargin=\skip58

For additional information on amsmath, use the `?' option.

("C:/Users/edour/AppData/Local/Programs/MiKTeX 2.9/tex/latex/amsmath/amstext.st
y"
Package: amstext 2000/06/29 v2.01 AMS text

("C:/Users/edour/AppData/Local/Programs/MiKTeX 2.9/tex/latex/amsmath/amsgen.sty
"
File: amsgen.sty 1999/11/30 v2.0 generic functions
\@emptytoks=\toks21
\ex@=\dimen153
))
("C:/Users/edour/AppData/Local/Programs/MiKTeX 2.9/tex/latex/amsmath/amsbsy.sty
"
Package: amsbsy 1999/11/29 v1.2d Bold Symbols
\pmbraise@=\dimen154
)
("C:/Users/edour/AppData/Local/Programs/MiKTeX 2.9/tex/latex/amsmath/amsopn.sty
"
Package: amsopn 2016/03/08 v2.02 operator names
)
\inf@bad=\count267
LaTeX Info: Redefining \frac on input line 227.
\uproot@=\count268
\leftroot@=\count269
LaTeX Info: Redefining \overline on input line 389.
\classnum@=\count270
\DOTSCASE@=\count271
LaTeX Info: Redefining \ldots on input line 486.
LaTeX Info: Redefining \dots on input line 489.
LaTeX Info: Redefining \cdots on input line 610.
\Mathstrutbox@=\box48
\strutbox@=\box49
\big@size=\dimen155
LaTeX Font Info:    Redeclaring font encoding OML on input line 733.
LaTeX Font Info:    Redeclaring font encoding OMS on input line 734.
\macc@depth=\count272
\c@MaxMatrixCols=\count273
\dotsspace@=\muskip16
\c@parentequation=\count274
\dspbrk@lvl=\count275
\tag@help=\toks22
\row@=\count276
\column@=\count277
\maxfields@=\count278
\andhelp@=\toks23
\eqnshift@=\dimen156
\alignsep@=\dimen157
\tagshift@=\dimen158
\tagwidth@=\dimen159
\totwidth@=\dimen160
\lineht@=\dimen161
\@envbody=\toks24
\multlinegap=\skip59
\multlinetaggap=\skip60
\mathdisplay@stack=\toks25
LaTeX Info: Redefining \[ on input line 2859.
LaTeX Info: Redefining \] on input line 2860.
)
("C:/Users/edour/AppData/Local/Programs/MiKTeX 2.9/tex/latex/hyperref/hyperref.
sty"
Package: hyperref 2020-05-15 v7.00e Hypertext links for LaTeX

("C:/Users/edour/AppData/Local/Programs/MiKTeX 2.9/tex/generic/ltxcmds/ltxcmds.
sty"
Package: ltxcmds 2019/12/15 v1.24 LaTeX kernel commands for general use (HO)
)
("C:/Users/edour/AppData/Local/Programs/MiKTeX 2.9/tex/latex/pdftexcmds/pdftexc
mds.sty"
Package: pdftexcmds 2019/11/24 v0.31 Utility functions of pdfTeX for LuaTeX (HO)


("C:/Users/edour/AppData/Local/Programs/MiKTeX 2.9/tex/generic/infwarerr/infwar
err.sty"
Package: infwarerr 2019/12/03 v1.5 Providing info/warning/error messages (HO)
)
Package pdftexcmds Info: \pdf@primitive is available.
Package pdftexcmds Info: \pdf@ifprimitive is available.
Package pdftexcmds Info: \pdfdraftmode found.
\pdftexcmds@toks=\toks26
)
("C:/Users/edour/AppData/Local/Programs/MiKTeX 2.9/tex/generic/kvsetkeys/kvsetk
eys.sty"
Package: kvsetkeys 2019/12/15 v1.18 Key value parser (HO)
)
("C:/Users/edour/AppData/Local/Programs/MiKTeX 2.9/tex/generic/kvdefinekeys/kvd
efinekeys.sty"
Package: kvdefinekeys 2019-12-19 v1.6 Define keys (HO)
)
("C:/Users/edour/AppData/Local/Programs/MiKTeX 2.9/tex/generic/pdfescape/pdfesc
ape.sty"
Package: pdfescape 2019/12/09 v1.15 Implements pdfTeX's escape features (HO)
)
("C:/Users/edour/AppData/Local/Programs/MiKTeX 2.9/tex/latex/hycolor/hycolor.st
y"
Package: hycolor 2020-01-27 v1.10 Color options for hyperref/bookmark (HO)
)
("C:/Users/edour/AppData/Local/Programs/MiKTeX 2.9/tex/latex/letltxmacro/letltx
macro.sty"
Package: letltxmacro 2019/12/03 v1.6 Let assignment for LaTeX macros (HO)
)
("C:/Users/edour/AppData/Local/Programs/MiKTeX 2.9/tex/latex/auxhook/auxhook.st
y"
Package: auxhook 2019-12-17 v1.6 Hooks for auxiliary files (HO)
)
("C:/Users/edour/AppData/Local/Programs/MiKTeX 2.9/tex/latex/kvoptions/kvoption
s.sty"
Package: kvoptions 2019/11/29 v3.13 Key value format for package options (HO)
)
\@linkdim=\dimen162
\Hy@linkcounter=\count279
\Hy@pagecounter=\count280

("C:/Users/edour/AppData/Local/Programs/MiKTeX 2.9/tex/latex/hyperref/pd1enc.de
f"
File: pd1enc.def 2020-05-15 v7.00e Hyperref: PDFDocEncoding definition (HO)
)
("C:/Users/edour/AppData/Local/Programs/MiKTeX 2.9/tex/generic/intcalc/intcalc.
sty"
Package: intcalc 2019/12/15 v1.3 Expandable calculations with integers (HO)
)
("C:/Users/edour/AppData/Local/Programs/MiKTeX 2.9/tex/generic/etexcmds/etexcmd
s.sty"
Package: etexcmds 2019/12/15 v1.7 Avoid name clashes with e-TeX commands (HO)
)
\Hy@SavedSpaceFactor=\count281
Package hyperref Info: Option `bookmarks' set `true' on input line 4338.
Package hyperref Info: Option `colorlinks' set `true' on input line 4338.
Package hyperref Info: Option `breaklinks' set `true' on input line 4338.
Package hyperref Info: Hyper figures OFF on input line 4464.
Package hyperref Info: Link nesting OFF on input line 4469.
Package hyperref Info: Hyper index ON on input line 4472.
Package hyperref Info: Plain pages OFF on input line 4479.
Package hyperref Info: Backreferencing OFF on input line 4484.
Package hyperref Info: Implicit mode ON; LaTeX internals redefined.
Package hyperref Info: Bookmarks ON on input line 4717.
\c@Hy@tempcnt=\count282
 ("C:/Users/edour/AppData/Local/Programs/MiKTeX 2.9/tex/latex/url/url.sty"
\Urlmuskip=\muskip17
Package: url 2013/09/16  ver 3.4  Verb mode for urls, etc.
)
LaTeX Info: Redefining \url on input line 5076.
\XeTeXLinkMargin=\dimen163

("C:/Users/edour/AppData/Local/Programs/MiKTeX 2.9/tex/generic/bitset/bitset.st
y"
Package: bitset 2019/12/09 v1.3 Handle bit-vector datatype (HO)

("C:/Users/edour/AppData/Local/Programs/MiKTeX 2.9/tex/generic/bigintcalc/bigin
tcalc.sty"
Package: bigintcalc 2019/12/15 v1.5 Expandable calculations on big integers (HO)

))
\Fld@menulength=\count283
\Field@Width=\dimen164
\Fld@charsize=\dimen165
Package hyperref Info: Hyper figures OFF on input line 6347.
Package hyperref Info: Link nesting OFF on input line 6352.
Package hyperref Info: Hyper index ON on input line 6355.
Package hyperref Info: backreferencing OFF on input line 6362.
Package hyperref Info: Link coloring ON on input line 6365.
Package hyperref Info: Link coloring with OCG OFF on input line 6372.
Package hyperref Info: PDF/A mode OFF on input line 6377.
LaTeX Info: Redefining \ref on input line 6417.
LaTeX Info: Redefining \pageref on input line 6421.

("C:/Users/edour/AppData/Local/Programs/MiKTeX 2.9/tex/generic/atbegshi/atbegsh
i.sty"
Package: atbegshi 2019/12/05 v1.19 At begin shipout hook (HO)
)
\Hy@abspage=\count284
\c@Item=\count285
\c@Hfootnote=\count286
)
Package hyperref Info: Driver (autodetected): hluatex.

("C:/Users/edour/AppData/Local/Programs/MiKTeX 2.9/tex/latex/hyperref/hluatex.d
ef"
File: hluatex.def 2020-05-15 v7.00e Hyperref driver for luaTeX

("C:/Users/edour/AppData/Local/Programs/MiKTeX 2.9/tex/latex/hyperref/puenc.def
"
File: puenc.def 2020-05-15 v7.00e Hyperref: PDF Unicode definition (HO)
)
("C:/Users/edour/AppData/Local/Programs/MiKTeX 2.9/tex/generic/stringenc/string
enc.sty"
Package: stringenc 2019/11/29 v1.12 Convert strings between diff. encodings (HO)

)
("C:/Users/edour/AppData/Local/Programs/MiKTeX 2.9/tex/latex/atveryend/atveryen
d.sty"
Package: atveryend 2019-12-11 v1.11 Hooks at the very end of document (HO)
Package atveryend Info: \enddocument detected (standard20110627).
)
\Fld@listcount=\count287
\c@bookmark@seq@number=\count288

("C:/Users/edour/AppData/Local/Programs/MiKTeX 2.9/tex/latex/rerunfilecheck/rer
unfilecheck.sty"
Package: rerunfilecheck 2019/12/05 v1.9 Rerun checks for auxiliary files (HO)

("C:/Users/edour/AppData/Local/Programs/MiKTeX 2.9/tex/generic/uniquecounter/un
iquecounter.sty"
Package: uniquecounter 2019/12/15 v1.4 Provide unlimited unique counter (HO)
)
Package uniquecounter Info: New unique counter `rerunfilecheck' on input line 28
6.
)
\Hy@SectionHShift=\skip61
) (./thesis.aux (./blank_page.aux) (./blank_page.aux)
(./blank_page.aux) (./blank_page.aux) (./blank_page.aux) (./blank_page.aux)

LaTeX Warning: Label `typesofcontent' multiply defined.


LaTeX Warning: Label `bandw' multiply defined.

)
\openout1 = thesis.aux

LaTeX Font Info:    Checking defaults for OML/cmm/m/it on input line 63.
LaTeX Font Info:    ... okay on input line 63.
LaTeX Font Info:    Checking defaults for OMS/cmsy/m/n on input line 63.
LaTeX Font Info:    ... okay on input line 63.
LaTeX Font Info:    Checking defaults for OT1/cmr/m/n on input line 63.
LaTeX Font Info:    ... okay on input line 63.
LaTeX Font Info:    Checking defaults for T1/cmr/m/n on input line 63.
LaTeX Font Info:    ... okay on input line 63.
LaTeX Font Info:    Checking defaults for TS1/cmr/m/n on input line 63.
LaTeX Font Info:    Trying to load font information for TS1+cmr on input line 63
.
 ("C:/Users/edour/AppData/Local/Programs/MiKTeX 2.9/tex/latex/base/ts1cmr.fd"
File: ts1cmr.fd 2019/12/16 v2.5j Standard LaTeX font definitions
)
LaTeX Font Info:    ... okay on input line 63.
LaTeX Font Info:    Checking defaults for TU/lmr/m/n on input line 63.
LaTeX Font Info:    ... okay on input line 63.
LaTeX Font Info:    Checking defaults for OMX/cmex/m/n on input line 63.
LaTeX Font Info:    ... okay on input line 63.
LaTeX Font Info:    Checking defaults for U/cmr/m/n on input line 63.
LaTeX Font Info:    ... okay on input line 63.
LaTeX Font Info:    Checking defaults for LGR/cmr/m/n on input line 63.
LaTeX Font Info:    Trying to load font information for LGR+cmr on input line 63
.

("C:/Users/edour/AppData/Local/Programs/MiKTeX 2.9/tex/latex/cbfonts-fd/lgrcmr.
fd"
File: lgrcmr.fd 2017/07/29 v1.2 Greek European Computer Regular
)
LaTeX Font Info:    ... okay on input line 63.
LaTeX Font Info:    Checking defaults for PD1/pdf/m/n on input line 63.
LaTeX Font Info:    ... okay on input line 63.
LaTeX Font Info:    Checking defaults for PU/pdf/m/n on input line 63.
LaTeX Font Info:    ... okay on input line 63.

*geometry* driver: auto-detecting
*geometry* detected driver: luatex
*geometry* verbose mode - [ preamble ] result:
* driver: luatex
* paper: a4paper
* layout: <same size as paper>
* layoutoffset:(h,v)=(0.0pt,0.0pt)
* modes: 
* h-part:(L,W,R)=(100.01144pt, 397.48499pt, 100.01144pt)
* v-part:(T,H,B)=(92.30072pt, 614.295pt, 138.45113pt)
* \paperwidth=597.50787pt
* \paperheight=845.04684pt
* \textwidth=397.48499pt
* \textheight=614.295pt
* \oddsidemargin=27.74146pt
* \evensidemargin=27.74146pt
* \topmargin=-16.96927pt
* \headheight=12.0pt
* \headsep=25.0pt
* \topskip=12.0pt
* \footskip=30.0pt
* \marginparwidth=43.36243pt
* \marginparsep=7.0pt
* \columnsep=10.0pt
* \skip\footins=10.8pt plus 4.0pt minus 2.0pt
* \hoffset=0.0pt
* \voffset=0.0pt
* \mag=1000
* \@twocolumnfalse
* \@twosidefalse
* \@mparswitchfalse
* \@reversemarginfalse
* (1in=72.27pt=25.4mm, 1cm=28.453pt)


Package fontspec Info: Adjusting the maths setup (use [no-math] to avoid
(fontspec)             this).

\symlegacymaths=\mathgroup4
LaTeX Font Info:    Overwriting symbol font `legacymaths' in version `bold'
(Font)                  OT1/cmr/m/n --> OT1/cmr/bx/n on input line 63.
LaTeX Font Info:    Redeclaring math accent \acute on input line 63.
LaTeX Font Info:    Redeclaring math accent \grave on input line 63.
LaTeX Font Info:    Redeclaring math accent \ddot on input line 63.
LaTeX Font Info:    Redeclaring math accent \tilde on input line 63.
LaTeX Font Info:    Redeclaring math accent \bar on input line 63.
LaTeX Font Info:    Redeclaring math accent \breve on input line 63.
LaTeX Font Info:    Redeclaring math accent \check on input line 63.
LaTeX Font Info:    Redeclaring math accent \hat on input line 63.
LaTeX Font Info:    Redeclaring math accent \dot on input line 63.
LaTeX Font Info:    Redeclaring math accent \mathring on input line 63.
LaTeX Font Info:    Redeclaring math symbol \Gamma on input line 63.
LaTeX Font Info:    Redeclaring math symbol \Delta on input line 63.
LaTeX Font Info:    Redeclaring math symbol \Theta on input line 63.
LaTeX Font Info:    Redeclaring math symbol \Lambda on input line 63.
LaTeX Font Info:    Redeclaring math symbol \Xi on input line 63.
LaTeX Font Info:    Redeclaring math symbol \Pi on input line 63.
LaTeX Font Info:    Redeclaring math symbol \Sigma on input line 63.
LaTeX Font Info:    Redeclaring math symbol \Upsilon on input line 63.
LaTeX Font Info:    Redeclaring math symbol \Phi on input line 63.
LaTeX Font Info:    Redeclaring math symbol \Psi on input line 63.
LaTeX Font Info:    Redeclaring math symbol \Omega on input line 63.
LaTeX Font Info:    Redeclaring math symbol \mathdollar on input line 63.
LaTeX Font Info:    Redeclaring symbol font `operators' on input line 63.
LaTeX Font Info:    Encoding `OT1' has changed to `TU' for symbol font
(Font)              `operators' in the math version `normal' on input line 63.
LaTeX Font Info:    Overwriting symbol font `operators' in version `normal'
(Font)                  OT1/cmr/m/n --> TU/LinLibertine(0)/m/n on input line 63.

LaTeX Font Info:    Encoding `OT1' has changed to `TU' for symbol font
(Font)              `operators' in the math version `bold' on input line 63.
LaTeX Font Info:    Overwriting symbol font `operators' in version `bold'
(Font)                  OT1/cmr/bx/n --> TU/LinLibertine(0)/m/n on input line 63
.
LaTeX Font Info:    Overwriting symbol font `operators' in version `normal'
(Font)                  TU/LinLibertine(0)/m/n --> TU/LinLibertine(0)/m/n on inp
ut line 63.
LaTeX Font Info:    Overwriting math alphabet `\mathit' in version `normal'
(Font)                  OT1/cmr/m/it --> TU/LinLibertine(0)/m/it on input line 6
3.
LaTeX Font Info:    Overwriting math alphabet `\mathbf' in version `normal'
(Font)                  OT1/cmr/bx/n --> TU/LinLibertine(0)/b/n on input line 63
.
LaTeX Font Info:    Overwriting math alphabet `\mathsf' in version `normal'
(Font)                  OT1/cmss/m/n --> TU/LinBiolinum(0)/m/n on input line 63.

LaTeX Font Info:    Overwriting math alphabet `\mathtt' in version `normal'
(Font)                  OT1/cmtt/m/n --> TU/LinLibertine(5)/m/n on input line 63
.
LaTeX Font Info:    Overwriting symbol font `operators' in version `bold'
(Font)                  TU/LinLibertine(0)/m/n --> TU/LinLibertine(0)/b/n on inp
ut line 63.
LaTeX Font Info:    Overwriting math alphabet `\mathit' in version `bold'
(Font)                  OT1/cmr/bx/it --> TU/LinLibertine(0)/b/it on input line 
63.
LaTeX Font Info:    Overwriting math alphabet `\mathsf' in version `bold'
(Font)                  OT1/cmss/bx/n --> TU/LinBiolinum(0)/b/n on input line 63
.
LaTeX Font Info:    Overwriting math alphabet `\mathtt' in version `bold'
(Font)                  OT1/cmtt/m/n --> TU/LinLibertine(5)/b/n on input line 63
.

("C:/Users/edour/AppData/Local/Programs/MiKTeX 2.9/tex/context/base/mkii/supp-p
df.mkii"
[Loading MPS to PDF converter (version 2006.09.02).]
\scratchcounter=\count289
\scratchdimen=\dimen166
\scratchbox=\box50
\nofMPsegments=\count290
\nofMParguments=\count291
\everyMPshowfont=\toks27
\MPscratchCnt=\count292
\MPscratchDim=\dimen167
\MPnumerator=\count293
\makeMPintoPDFobject=\count294
\everyMPtoPDFconversion=\toks28
)
("C:/Users/edour/AppData/Local/Programs/MiKTeX 2.9/tex/latex/epstopdf-pkg/epsto
pdf-base.sty"
Package: epstopdf-base 2020-01-24 v2.11 Base part for package epstopdf
Package epstopdf-base Info: Redefining graphics rule for `.eps' on input line 48
5.
)
\AtBeginShipoutBox=\box51
Package hyperref Info: Link coloring ON on input line 63.

("C:/Users/edour/AppData/Local/Programs/MiKTeX 2.9/tex/latex/hyperref/nameref.s
ty"
Package: nameref 2019/09/16 v2.46 Cross-referencing by name of section

("C:/Users/edour/AppData/Local/Programs/MiKTeX 2.9/tex/latex/refcount/refcount.
sty"
Package: refcount 2019/12/15 v3.6 Data extraction from label references (HO)
)
("C:/Users/edour/AppData/Local/Programs/MiKTeX 2.9/tex/generic/gettitlestring/g
ettitlestring.sty"
Package: gettitlestring 2019/12/15 v1.6 Cleanup title references (HO)
)
\c@section@level=\count295
)
LaTeX Info: Redefining \ref on input line 63.
LaTeX Info: Redefining \pageref on input line 63.
LaTeX Info: Redefining \nameref on input line 63.
 (./thesis.out) (./thesis.out)
\@outlinefile=\write3

\openout3 = thesis.out
 (./thesis_title.tex
<../images/aristotle_logo.png, id=251, 278.54062pt x 209.28188pt>
File: ../images/aristotle_logo.png Graphic file (type png)
<use ../images/aristotle_logo.png>
Package luatex.def Info: ../images/aristotle_logo.png  used on input line 7.
(luatex.def)             Requested size: 56.9055pt x 42.75296pt.
LaTeX Font Info:    Font shape `TU/LinLibertine(0)/m/n' will be
(Font)              scaled to size 8.0pt on input line 8.
LaTeX Font Info:    Font shape `TU/LinLibertine(0)/m/n' will be
(Font)              scaled to size 6.0pt on input line 8.
LaTeX Font Info:    Font shape `TU/LinLibertine(0)/m/n' will be
(Font)              scaled to size 14.4pt on input line 42.
LaTeX Font Info:    Font shape `TU/LinLibertine(0)/m/sc' will be
(Font)              scaled to size 14.4pt on input line 42.
LaTeX Font Info:    Font shape `TU/LinLibertine(0)/m/n' will be
(Font)              scaled to size 20.74pt on input line 42.
LaTeX Font Info:    Font shape `TU/LinLibertine(0)/b/n' will be
(Font)              scaled to size 20.74pt on input line 42.

Underfull \hbox (badness 1173) in paragraph at lines 42--42
\TU/LinLibertine(0)/b/n/20.74 tent Gen-er-a-tion  Gen-er-a-tive Ad-
 []


Underfull \hbox (badness 10000) in paragraph at lines 42--42

 []

LaTeX Font Info:    Font shape `TU/LinLibertine(0)/m/n' will be
(Font)              scaled to size 17.28pt on input line 42.

Underfull \hbox (badness 10000) in paragraph at lines 42--42

 []

LaTeX Font Info:    Font shape `TU/LinLibertine(0)/m/it' will be
(Font)              scaled to size 12.0pt on input line 42.

Underfull \hbox (badness 10000) in paragraph at lines 42--42

 []

[1

{C:/Users/edour/AppData/Local/MiKTeX/2.9/pdftex/config/pdftex.map}<../images/ari
stotle_logo.png>])
\openout2 = blank_page.aux
 (./blank_page.tex)
warning  (pdf backend): ignoring duplicate destination with the name 'page.1'
[1

]
LaTeX Font Info:    Font shape `TU/LinLibertine(0)/m/n' will be
(Font)              scaled to size 24.88pt on input line 71.
LaTeX Font Info:    Font shape `TU/LinLibertine(0)/b/n' will be
(Font)              scaled to size 24.88pt on input line 71.
 (./thesis.toc
LaTeX Font Info:    Font shape `TU/LinLibertine(0)/b/n' will be
(Font)              scaled to size 12.0pt on input line 2.
 [2


] [3] [4])
\tf@toc=\write4

\openout4 = thesis.toc
 [5]
\openout2 = blank_page.aux
 (./blank_page.tex) [6

] (./thesis_intro.tex)
(./pcg.tex
 1.

Overfull \hbox (11.13101pt too wide) in paragraph at lines 6--8
\TU/LinLibertine(0)/m/n/12 [[]]   \TU/LinLibertine(0)/m/it/12 
    
    
 []


Overfull \hbox (7.36575pt too wide) in paragraph at lines 6--8
\TU/LinLibertine(0)/m/n/12 [[]]     
  (Video Games).  
,
 []


Overfull \hbox (25.02939pt too wide) in paragraph at lines 9--10
[]\TU/LinLibertine(0)/m/n/12  PCG,     
  , 

 []


Overfull \hbox (3.0712pt too wide) in paragraph at lines 9--10
\TU/LinLibertine(0)/m/n/12     
  ,   

 []


Overfull \hbox (31.6192pt too wide) in paragraph at lines 9--10
\TU/LinLibertine(0)/m/n/12    
       
. 
 []


Overfull \hbox (31.70137pt too wide) in paragraph at lines 11--12
[]\TU/LinLibertine(0)/m/n/12     
      
,
 []


Overfull \hbox (50.45523pt too wide) in paragraph at lines 11--12
\TU/LinLibertine(0)/m/n/12    
     
.
 []


Overfull \hbox (29.3272pt too wide) in paragraph at lines 11--12
\TU/LinLibertine(0)/m/n/12      
     

 []

[7


]
<../images/no-mans-sky.jpg, id=360, 712.52113pt x 400.02972pt>
File: ../images/no-mans-sky.jpg Graphic file (type jpg)
<use ../images/no-mans-sky.jpg>
Package luatex.def Info: ../images/no-mans-sky.jpg  used on input line 15.
(luatex.def)             Requested size: 289.07999pt x 162.29802pt.
LaTeX Font Info:    Font shape `TU/LinLibertine(0)/b/n' will be
(Font)              scaled to size 17.28pt on input line 19.

Overfull \hbox (18.04045pt too wide) in paragraph at lines 20--21
[]\TU/LinLibertine(0)/m/n/12    
    PCG    

 []


Overfull \hbox (30.35526pt too wide) in paragraph at lines 20--21
\TU/LinLibertine(0)/m/n/12   
 ,   
 
 []


Overfull \hbox (16.15117pt too wide) in paragraph at lines 23--24
\TU/LinLibertine(0)/m/n/12    
    

 []

[8<../images/no-mans-sky.jpg>]
Overfull \hbox (33.54323pt too wide) in paragraph at lines 35--36
\TU/LinLibertine(0)/m/n/12      
  ,   
 .
 []


Overfull \hbox (14.3552pt too wide) in paragraph at lines 35--36
\TU/LinLibertine(0)/m/n/12     
     
.
 []


Overfull \hbox (0.85925pt too wide) in paragraph at lines 35--36
\TU/LinLibertine(0)/m/n/12     
   ,   

 []


Overfull \hbox (18.4662pt too wide) in paragraph at lines 40--41
\TU/LinLibertine(0)/m/n/12 PCG     
     
.
 []


Overfull \hbox (13.87817pt too wide) in paragraph at lines 40--41
\TU/LinLibertine(0)/m/n/12  PCG    
   game con-tent  

 []


Overfull \hbox (20.96036pt too wide) in paragraph at lines 42--43
[]\TU/LinLibertine(0)/m/n/12  PCG   
      

 []


Overfull \hbox (5.2632pt too wide) in paragraph at lines 42--43
\TU/LinLibertine(0)/m/n/12 ,    
      

 []


Overfull \hbox (5.84726pt too wide) in paragraph at lines 42--43
\TU/LinLibertine(0)/m/n/12 (in-puts)   
      

 []


Overfull \hbox (2.19524pt too wide) in paragraph at lines 42--43
\TU/LinLibertine(0)/m/n/12      
     
.
 []

[9]
Overfull \hbox (10.1782pt too wide) in paragraph at lines 44--45
\TU/LinLibertine(0)/m/n/12   
    PCG   

 []


Overfull \hbox (5.2139pt too wide) in paragraph at lines 44--45
\TU/LinLibertine(0)/m/n/12   ,   
  .      

 []


Overfull \hbox (1.32182pt too wide) in paragraph at lines 46--47
\TU/LinLibertine(0)/m/n/12    
 ,  per-son-al-ized con-tent. 

 []


Overfull \hbox (3.38586pt too wide) in paragraph at lines 50--51
\TU/LinLibertine(0)/m/n/12      
  \TU/LinLibertine(0)/m/it/12  
\TU/LinLibertine(0)/m/n/12 . 
 []


Overfull \hbox (2.96217pt too wide) in paragraph at lines 53--54
[]\TU/LinLibertine(0)/m/n/12      
  PCG   
 []


Overfull \hbox (26.65508pt too wide) in paragraph at lines 55--56
[]\TU/LinLibertine(0)/m/n/12  Spore   life-simulation 
 strat-egy   
 []


Overfull \hbox (19.2552pt too wide) in paragraph at lines 57--58
[]\TU/LinLibertine(0)/m/n/12      
   
 []


Overfull \hbox (25.39113pt too wide) in paragraph at lines 57--58
\TU/LinLibertine(0)/m/n/12    
    PCG,   
,
 []


Overfull \hbox (2.04213pt too wide) in paragraph at lines 57--58
\TU/LinLibertine(0)/m/n/12  
 PCG.       
 []


Overfull \hbox (37.76724pt too wide) in paragraph at lines 57--58
\TU/LinLibertine(0)/m/n/12   
,      
.
 []

[10]
Overfull \hbox (40.8244pt too wide) in paragraph at lines 61--62
[]\TU/LinLibertine(0)/m/n/12    
,  PCG      

 []


Overfull \hbox (16.79384pt too wide) in paragraph at lines 61--62
\TU/LinLibertine(0)/m/n/12      
   .   

 []


Overfull \hbox (8.83022pt too wide) in paragraph at lines 61--62
\TU/LinLibertine(0)/m/n/12  PCG    
     

 []


Overfull \hbox (11.5539pt too wide) in paragraph at lines 64--65
\TU/LinLibertine(0)/m/n/12    
  .  

 []


Overfull \hbox (8.38718pt too wide) in paragraph at lines 64--65
\TU/LinLibertine(0)/m/n/12     
      
.
 []


Overfull \hbox (26.4232pt too wide) in paragraph at lines 66--67
\TU/LinLibertine(0)/m/n/12 ,   , 
 UI,      

 []


Overfull \hbox (23.89413pt too wide) in paragraph at lines 68--69
[]\TU/LinLibertine(0)/m/n/12     
   PCG  
 []

[11]
LaTeX Font Info:    Font shape `TU/LinLibertine(0)/b/n' will be
(Font)              scaled to size 14.4pt on input line 76.

Overfull \hbox (28.65921pt too wide) in paragraph at lines 76--77
\TU/LinLibertine(0)/m/n/12   ,  
 ,     

 []


Overfull \hbox (25.2804pt too wide) in paragraph at lines 80--81
[]\TU/LinLibertine(0)/m/n/12    PCG  
     

 []


Overfull \hbox (42.72586pt too wide) in paragraph at lines 80--81
\TU/LinLibertine(0)/m/n/12   .  
       

 []


Overfull \hbox (30.44324pt too wide) in paragraph at lines 80--81
\TU/LinLibertine(0)/m/n/12     
      

 []

[12]
Overfull \hbox (52.32939pt too wide) in paragraph at lines 82--83
[]\TU/LinLibertine(0)/m/n/12    
       

 []


Overfull \hbox (16.84084pt too wide) in paragraph at lines 82--83
\TU/LinLibertine(0)/m/n/12  PCG    
   .   

 []

[13]
Overfull \hbox (43.7453pt too wide) in paragraph at lines 92--93
[]\TU/LinLibertine(0)/m/n/12    
 Oxy-gen Not In-cluded (2019),   

 []


Overfull \hbox (18.93927pt too wide) in paragraph at lines 92--93
\TU/LinLibertine(0)/m/n/12    
         

 []


Overfull \hbox (16.81387pt too wide) in paragraph at lines 92--93
\TU/LinLibertine(0)/m/n/12 seeds     
     .  

 []


Overfull \hbox (36.09517pt too wide) in paragraph at lines 92--93
\TU/LinLibertine(0)/m/n/12   
   (com-mu-nity)  

 []


Overfull \hbox (2.21121pt too wide) in paragraph at lines 92--93
\TU/LinLibertine(0)/m/n/12 seeds     
       

 []


Overfull \hbox (6.35298pt too wide) in paragraph at lines 97--97
[]\TU/LinLibertine(0)/b/n/17.28 Pro-ce-du-ral Con-tent Gen-er-a-tion  2D 
 
 []


Overfull \hbox (7.8284pt too wide) in paragraph at lines 99--100
[]\TU/LinLibertine(0)/m/n/12     
  PCG     

 []

[14]
Overfull \hbox (14.43333pt too wide) in paragraph at lines 101--102
[]\TU/LinLibertine(0)/m/n/12     
      

 []


Overfull \hbox (7.59518pt too wide) in paragraph at lines 101--102
\TU/LinLibertine(0)/m/n/12  ,  
      

 []


Overfull \hbox (32.65921pt too wide) in paragraph at lines 106--107
\TU/LinLibertine(0)/m/n/12    
  ,    
 
 []


Overfull \hbox (28.11116pt too wide) in paragraph at lines 109--110
[]\TU/LinLibertine(0)/m/n/12    
  
 []


Overfull \hbox (45.77014pt too wide) in paragraph at lines 110--111
[]\TU/LinLibertine(0)/m/n/12    

 []


Overfull \hbox (53.74608pt too wide) in paragraph at lines 111--112
[]\TU/LinLibertine(0)/m/n/12  
 []


Overfull \hbox (6.22136pt too wide) in paragraph at lines 114--115
[]\TU/LinLibertine(0)/m/n/12   
      

 []

[15]
Overfull \hbox (12.86983pt too wide) in paragraph at lines 124--125
\TU/LinLibertine(0)/m/n/12    
   .  

 []


Overfull \hbox (14.02316pt too wide) in paragraph at lines 130--131
\TU/LinLibertine(0)/m/n/12    
 (child nodes)  root node   
 []


Overfull \hbox (32.73917pt too wide) in paragraph at lines 132--133
\TU/LinLibertine(0)/m/n/12      
       

 []

[16]
Overfull \hbox (23.69528pt too wide) in paragraph at lines 137--138
\TU/LinLibertine(0)/m/n/12    
  ,    
 
 []


Overfull \hbox (9.4574pt too wide) in paragraph at lines 140--141
[]\TU/LinLibertine(0)/m/n/12      
  ,    

 []


Overfull \hbox (10.1213pt too wide) in paragraph at lines 142--143
[]\TU/LinLibertine(0)/m/n/12     Space Par-ti-tion-i
ng,  Agent-Based   
 []


Overfull \hbox (14.07338pt too wide) in paragraph at lines 144--145
[]\TU/LinLibertine(0)/m/n/12     
      

 []


Overfull \hbox (32.67522pt too wide) in paragraph at lines 144--145
\TU/LinLibertine(0)/m/n/12      
        

 []


Overfull \hbox (5.98537pt too wide) in paragraph at lines 146--147
[]\TU/LinLibertine(0)/m/n/12     
  State Ma-chine   
 []


Overfull \hbox (27.48717pt too wide) in paragraph at lines 149--150
[]\TU/LinLibertine(0)/m/n/12      State, 
    
 []

[17]
Overfull \hbox (3.27124pt too wide) in paragraph at lines 152--153
\TU/LinLibertine(0)/m/n/12     
      
 
 []


Overfull \hbox (75.86531pt too wide) in paragraph at lines 154--155
[]\TU/LinLibertine(0)/m/n/12     
Agent-based     
.
 []


Overfull \hbox (3.64717pt too wide) in paragraph at lines 154--155
\TU/LinLibertine(0)/m/n/12     
      

 []


Overfull \hbox (4.42125pt too wide) in paragraph at lines 157--158
[]\TU/LinLibertine(0)/m/n/12  Cel-lu-lar Au-tomata (: Cel-lu-lar
 Au-toma-ton) [[]]  
 []


Overfull \hbox (18.8832pt too wide) in paragraph at lines 161--162
\TU/LinLibertine(0)/m/n/12     
       

 []

[18]
Overfull \hbox (5.19919pt too wide) in paragraph at lines 164--165
\TU/LinLibertine(0)/m/n/12 ,     
  cell    

 []


Overfull \hbox (28.47516pt too wide) in paragraph at lines 165--166
[]\TU/LinLibertine(0)/m/n/12    
 
 []


Overfull \hbox (10.40211pt too wide) in paragraph at lines 170--171
[]\TU/LinLibertine(0)/m/n/12  Moore Neigh-bor-hood   
, 
 []


Overfull \hbox (2.12306pt too wide) in paragraph at lines 171--172
[]\TU/LinLibertine(0)/m/n/12    
   cells 
 []


Overfull \hbox (17.10321pt too wide) in paragraph at lines 173--174
\TU/LinLibertine(0)/m/n/12    , 
      
 
 []


Overfull \hbox (9.64493pt too wide) in paragraph at lines 173--174
\TU/LinLibertine(0)/m/n/12  X cells    cell 
 .     

 []


Overfull \hbox (23.24527pt too wide) in paragraph at lines 175--176
[]\TU/LinLibertine(0)/m/n/12     
  Cel-lu-lar Au-tomata  

 []


Overfull \hbox (27.84938pt too wide) in paragraph at lines 179--180
[]\TU/LinLibertine(0)/m/n/12    
    Game De-vel-op-ment  

 []


Overfull \hbox (7.48721pt too wide) in paragraph at lines 179--180
\TU/LinLibertine(0)/m/n/12    
 [[]],     
.
 []


Overfull \hbox (22.82314pt too wide) in paragraph at lines 179--180
\TU/LinLibertine(0)/m/n/12     
      
. 
 []

[19]
Overfull \hbox (1.73686pt too wide) in paragraph at lines 181--182
\TU/LinLibertine(0)/m/n/12    -> ab. 
     

 []


Overfull \hbox (8.26941pt too wide) in paragraph at lines 183--184
[]\TU/LinLibertine(0)/m/n/12     
     

 []


Overfull \hbox (13.1192pt too wide) in paragraph at lines 183--184
\TU/LinLibertine(0)/m/n/12    game de-vel-op-ment 
    
.
 []


Overfull \hbox (1.17514pt too wide) in paragraph at lines 185--190
\TU/LinLibertine(0)/m/n/12     
 1 ->      -> 

 []


Overfull \hbox (18.57817pt too wide) in paragraph at lines 185--190
\TU/LinLibertine(0)/m/n/12      
    

 []


Overfull \hbox (16.83789pt too wide) in paragraph at lines 191--192
\TU/LinLibertine(0)/m/n/12     
.    
 
 []


Overfull \hbox (10.93518pt too wide) in paragraph at lines 191--192
\TU/LinLibertine(0)/m/n/12     
     

 []


Overfull \hbox (9.70189pt too wide) in paragraph at lines 191--192
\TU/LinLibertine(0)/m/n/12     
 .     
 
 []


Overfull \hbox (17.1094pt too wide) in paragraph at lines 193--194
[]\TU/LinLibertine(0)/m/n/12    
       

 []

[20]
Overfull \hbox (8.1422pt too wide) in paragraph at lines 197--198
\TU/LinLibertine(0)/m/n/12 ,   
  PCG    \TU/LinLibertine(0)/b/n/
12  \TU/LinLibertine(0)/m/n/12 .
 []


Overfull \hbox (3.04219pt too wide) in paragraph at lines 197--198
\TU/LinLibertine(0)/m/n/12      
     PCG 

 []


Overfull \hbox (23.55383pt too wide) in paragraph at lines 200--201
\TU/LinLibertine(0)/m/n/12   . 
       

 []


Overfull \hbox (10.70326pt too wide) in paragraph at lines 200--201
\TU/LinLibertine(0)/m/n/12     
      

 []


Overfull \hbox (3.58617pt too wide) in paragraph at lines 200--201
\TU/LinLibertine(0)/m/n/12     
 PCG     

 []


Overfull \hbox (13.2739pt too wide) in paragraph at lines 200--201
\TU/LinLibertine(0)/m/n/12   Eval-u-a-tor   
  [[]].  Eval-u-a-tor   

 []


Overfull \hbox (17.10329pt too wide) in paragraph at lines 203--204
[]\TU/LinLibertine(0)/m/n/12    
   PCG.   

 []


Overfull \hbox (6.25922pt too wide) in paragraph at lines 203--204
\TU/LinLibertine(0)/m/n/12     
    

 []


Overfull \hbox (5.96184pt too wide) in paragraph at lines 204--205
[]\TU/LinLibertine(0)/m/n/12   playable 
.    

 []


Overfull \hbox (30.5753pt too wide) in paragraph at lines 204--205
\TU/LinLibertine(0)/m/n/12      
 ,   

 []


Overfull \hbox (8.06613pt too wide) in paragraph at lines 205--206
[]\TU/LinLibertine(0)/m/n/12    
    PCG.  

 []

[21]
Overfull \hbox (31.91788pt too wide) in paragraph at lines 206--207
\TU/LinLibertine(0)/m/n/12  .  
   ,   

 []


Overfull \hbox (27.71344pt too wide) in paragraph at lines 209--210
[]\TU/LinLibertine(0)/m/n/12     
  ,    

 []


Overfull \hbox (20.22542pt too wide) in paragraph at lines 212--213
[]\TU/LinLibertine(0)/m/n/12     
    

 []


Overfull \hbox (1.18723pt too wide) in paragraph at lines 212--213
\TU/LinLibertine(0)/m/n/12    
       

 []


Overfull \hbox (4.93123pt too wide) in paragraph at lines 214--215
\TU/LinLibertine(0)/m/n/12     
      
,
 []

[22]
Overfull \hbox (4.34587pt too wide) in paragraph at lines 216--217
\TU/LinLibertine(0)/m/n/12 ,     
.      

 []


Overfull \hbox (25.11383pt too wide) in paragraph at lines 216--217
\TU/LinLibertine(0)/m/n/12     
     . 

 []


Overfull \hbox (10.4312pt too wide) in paragraph at lines 216--217
\TU/LinLibertine(0)/m/n/12      
       
.
 []


Overfull \hbox (20.5702pt too wide) in paragraph at lines 218--219
\TU/LinLibertine(0)/m/n/12    
     PCG .   

 []


Overfull \hbox (14.22987pt too wide) in paragraph at lines 218--219
\TU/LinLibertine(0)/m/n/12 .   
       

 []


Overfull \hbox (13.28624pt too wide) in paragraph at lines 218--219
\TU/LinLibertine(0)/m/n/12   
   PCG    

 []


Overfull \hbox (16.4752pt too wide) in paragraph at lines 218--219
\TU/LinLibertine(0)/m/n/12     playa
ble      

 []


Overfull \hbox (20.93921pt too wide) in paragraph at lines 220--221
\TU/LinLibertine(0)/m/n/12    
       
,
 []


Overfull \hbox (7.6702pt too wide) in paragraph at lines 220--221
\TU/LinLibertine(0)/m/n/12  PCG ,  
       

 []

[23]
Overfull \hbox (29.97014pt too wide) in paragraph at lines 227--228
[]\TU/LinLibertine(0)/m/n/12  \TU/LinLibertine(0)/b/n/12 top down \TU/LinLibe
rtine(0)/m/n/12      

 []


Overfull \hbox (4.82608pt too wide) in paragraph at lines 228--229
[]\TU/LinLibertine(0)/m/n/12  \TU/LinLibertine(0)/b/n/12 Bot-tom up \TU/LinLi
bertine(0)/m/n/12    

 []


Overfull \hbox (11.64531pt too wide) in paragraph at lines 233--234
[]\TU/LinLibertine(0)/m/n/12     
       

 []

) [24]
\openout2 = blank_page.aux
 (./blank_page.tex) [25

] (./pcg_unity.tex
 2.

Overfull \hbox (24.65335pt too wide) in paragraph at lines 6--7
[]\TU/LinLibertine(0)/m/n/12     
       

 []


Overfull \hbox (17.97528pt too wide) in paragraph at lines 10--11
\TU/LinLibertine(0)/m/n/12     
    , 

 []


Overfull \hbox (29.0151pt too wide) in paragraph at lines 10--11
\TU/LinLibertine(0)/m/n/12      
     

 []


Overfull \hbox (1.04576pt too wide) in paragraph at lines 12--13
\TU/LinLibertine(0)/m/n/12     
    . 

 []


Overfull \hbox (15.87918pt too wide) in paragraph at lines 12--13
\TU/LinLibertine(0)/m/n/12      
       

 []

[26


]
Overfull \hbox (7.03514pt too wide) in paragraph at lines 15--16
\TU/LinLibertine(0)/m/n/12   
 ,    
 
 []


Overfull \hbox (38.49117pt too wide) in paragraph at lines 15--16
\TU/LinLibertine(0)/m/n/12    
        

 []


Overfull \hbox (22.07788pt too wide) in paragraph at lines 15--16
\TU/LinLibertine(0)/m/n/12 .  
     

 []


Overfull \hbox (1.77115pt too wide) in paragraph at lines 15--16
\TU/LinLibertine(0)/m/n/12  ,   
      

 []


Overfull \hbox (12.99107pt too wide) in paragraph at lines 17--18
\TU/LinLibertine(0)/m/n/12  (\TU/LinLibertine(0)/m/it/12 tex-tur
es\TU/LinLibertine(0)/m/n/12 , \TU/LinLibertine(0)/m/it/12 sprites\TU/LinLibert
ine(0)/m/n/12 ) (Graph-ics En-gine),     

 []


Overfull \hbox (23.77734pt too wide) in paragraph at lines 19--20
[]\TU/LinLibertine(0)/m/n/12  Game En-gines  
    

 []


Overfull \hbox (22.43515pt too wide) in paragraph at lines 19--20
\TU/LinLibertine(0)/m/n/12  ,   
  \TU/LinLibertine(0)/m/it/12 Hero En-gine \TU/LinLiber
tine(0)/m/n/12   
 []


Overfull \hbox (7.0231pt too wide) in paragraph at lines 19--20
\TU/LinLibertine(0)/m/it/12 client-server \TU/LinLibertine(0)/m/n/12 
       
 
 []


Overfull \hbox (3.2552pt too wide) in paragraph at lines 21--22
\TU/LinLibertine(0)/m/n/12    , 
     game  

 []


Overfull \hbox (13.58707pt too wide) in paragraph at lines 23--24
\TU/LinLibertine(0)/m/n/12   
   (\TU/LinLibertine(0)/m/it/12 ed-i-tor\TU/LinLibertine(
0)/m/n/12 )    
 []

[27]
Overfull \hbox (24.48714pt too wide) in paragraph at lines 31--32
\TU/LinLibertine(0)/m/n/12  Game En-gines    
   
 []


Overfull \hbox (38.45914pt too wide) in paragraph at lines 32--33
[]\TU/LinLibertine(0)/m/n/12      
  
 []


Overfull \hbox (19.64719pt too wide) in paragraph at lines 32--33
\TU/LinLibertine(0)/m/n/12   , 
    Game En-gine   

 []


Overfull \hbox (14.0712pt too wide) in paragraph at lines 33--34
\TU/LinLibertine(0)/m/n/12       
     

 []


Overfull \hbox (21.5093pt too wide) in paragraph at lines 37--38
[]\TU/LinLibertine(0)/m/n/12     
  \TU/LinLibertine(0)/b/n/12 Unity Game En-gine \TU/LinLibertin
e(0)/m/n/12   
 []

[28]
Overfull \hbox (13.9672pt too wide) in paragraph at lines 55--56
\TU/LinLibertine(0)/m/n/12     
      

 []


Overfull \hbox (11.48727pt too wide) in paragraph at lines 57--58
\TU/LinLibertine(0)/m/it/12 dataset \TU/LinLibertine(0)/m/n/12 , 
      
   . 
 []


Overfull \hbox (2.6112pt too wide) in paragraph at lines 59--60
\TU/LinLibertine(0)/m/n/12   dataset  
    ,  

 []


Overfull \hbox (31.91748pt too wide) in paragraph at lines 61--62
[]\TU/LinLibertine(0)/m/n/12     
      

 []


Overfull \hbox (0.27376pt too wide) in paragraph at lines 61--62
\TU/LinLibertine(0)/m/n/12     \TU/LinLibertine(0
)/m/it/12 dataset gen-er-a-tor \TU/LinLibertine(0)/m/n/12  \TU/LinLiberti
ne(0)/m/it/12 Ma-chine Learn-ing \TU/LinLibertine(0)/m/n/12 . 

 []

[29]
Overfull \hbox (5.10544pt too wide) in paragraph at lines 74--75
[]\TU/LinLibertine(0)/m/n/12      tiles 
     

 []


Overfull \hbox (18.38121pt too wide) in paragraph at lines 74--75
\TU/LinLibertine(0)/m/n/12    
 PCG  MLPG    
. 
 []


Overfull \hbox (28.16844pt too wide) in paragraph at lines 79--80
[]\TU/LinLibertine(0)/m/n/12   PCG  
  ,    

 []

[30]
Overfull \hbox (14.06316pt too wide) in paragraph at lines 85--86
[]\TU/LinLibertine(0)/m/n/12     
   
 []


Overfull \hbox (2.62314pt too wide) in paragraph at lines 87--88
[]\TU/LinLibertine(0)/m/n/12     
    
 []


Overfull \hbox (33.88834pt too wide) in paragraph at lines 91--92
[]\TU/LinLibertine(0)/m/n/12     
    2D 

 []


Overfull \hbox (31.61781pt too wide) in paragraph at lines 95--96
\TU/LinLibertine(0)/m/n/12    
 .     \TU/LinLibertine
(0)/m/it/12 dataset \TU/LinLibertine(0)/m/n/12 
 []


Overfull \hbox (26.8702pt too wide) in paragraph at lines 95--96
\TU/LinLibertine(0)/m/n/12     PCG  
    , 

 []

[31]
Overfull \hbox (8.919pt too wide) in paragraph at lines 115--116
[]\TU/LinLibertine(0)/m/n/12   
 . H    

 []

[32]
Overfull \hbox (3.8631pt too wide) in paragraph at lines 125--126
[]\TU/LinLibertine(0)/m/n/12    \TU/LinLi
bertine(0)/b/n/12 Cor-ri-dor \TU/LinLibertine(0)/m/n/12  tiles  

 []


Overfull \hbox (18.00977pt too wide) in paragraph at lines 126--127
\TU/LinLibertine(0)/b/n/12 Neu-mann Neigh-bor-hood\TU/LinLibertine(0)/m/n/12 . 
      tiles  

 []


Overfull \hbox (0.8991pt too wide) in paragraph at lines 128--129
[]\TU/LinLibertine(0)/m/n/12    \TU/LinLi
bertine(0)/b/n/12 Room \TU/LinLibertine(0)/m/n/12  tiles  
 []


Overfull \hbox (43.63524pt too wide) in paragraph at lines 132--133
\TU/LinLibertine(0)/m/n/12   
       

 []

LaTeX Font Info:    Font shape `TU/LinLibertine(0)/b/it' will be
(Font)              scaled to size 17.28pt on input line 134.

Overfull \hbox (25.84988pt too wide) in paragraph at lines 135--136
\TU/LinLibertine(0)/m/n/12  \TU/LinLibertine(0)/m/it/12 Unity Game En-gine
\TU/LinLibertine(0)/m/n/12 .      
   
 []

[33]
Overfull \hbox (27.03918pt too wide) in paragraph at lines 142--143
[]\TU/LinLibertine(0)/m/n/12   
       

 []


Overfull \hbox (25.9112pt too wide) in paragraph at lines 143--144
[]\TU/LinLibertine(0)/m/n/12   
       

 []

) [34]
\openout2 = blank_page.aux
 (./blank_page.tex) [35

] (./ml.tex
 3.

Overfull \hbox (19.44716pt too wide) in paragraph at lines 6--7
\TU/LinLibertine(0)/m/n/12     
    ,  

 []


Overfull \hbox (5.33517pt too wide) in paragraph at lines 6--7
\TU/LinLibertine(0)/m/n/12    
     
.
 []


Overfull \hbox (8.30586pt too wide) in paragraph at lines 6--7
\TU/LinLibertine(0)/m/n/12  (\TU/LinLibertine(0)/m/it/12 train-i
ng sam-ple\TU/LinLibertine(0)/m/n/12 )  .  
   ,  
 []


Overfull \hbox (3.13333pt too wide) in paragraph at lines 8--9
[]\TU/LinLibertine(0)/m/n/12    
      

 []


Overfull \hbox (2.5872pt too wide) in paragraph at lines 8--9
\TU/LinLibertine(0)/m/n/12     
      
 
 []


Overfull \hbox (4.68578pt too wide) in paragraph at lines 10--11
\TU/LinLibertine(0)/m/n/12     
.       

 []


Overfull \hbox (2.12428pt too wide) in paragraph at lines 16--17
[]\TU/LinLibertine(0)/m/n/12      
       

 []

[36


]
Overfull \hbox (4.22319pt too wide) in paragraph at lines 18--19
\TU/LinLibertine(0)/m/n/12     
     
\TU/LinLibertine(0)/m/it/12 G \TU/LinLibertine(0)/m/n/12 
 []


Overfull \hbox (2.69112pt too wide) in paragraph at lines 18--19
\TU/LinLibertine(0)/m/n/12      
    ,  

 []


Overfull \hbox (27.06181pt too wide) in paragraph at lines 20--21
\TU/LinLibertine(0)/m/n/12    
  .   
 
 []


Overfull \hbox (24.24313pt too wide) in paragraph at lines 20--21
\TU/LinLibertine(0)/m/n/12    
      

 []


Overfull \hbox (16.17514pt too wide) in paragraph at lines 26--27
\TU/LinLibertine(0)/m/it/12 Games\TU/LinLibertine(0)/m/n/12 ,  
       
   
 []


Overfull \hbox (21.33734pt too wide) in paragraph at lines 28--29
[]\TU/LinLibertine(0)/m/n/12    
      

 []


Overfull \hbox (11.67116pt too wide) in paragraph at lines 28--29
\TU/LinLibertine(0)/m/n/12     
       

 []

[37]
Overfull \hbox (4.05917pt too wide) in paragraph at lines 30--31
\TU/LinLibertine(0)/m/n/12      
     , 

 []


Overfull \hbox (33.0992pt too wide) in paragraph at lines 30--31
\TU/LinLibertine(0)/m/n/12      
       
,
 []


Overfull \hbox (16.92719pt too wide) in paragraph at lines 30--31
\TU/LinLibertine(0)/m/n/12     
       

 []


Overfull \hbox (2.44983pt too wide) in paragraph at lines 30--31
\TU/LinLibertine(0)/m/n/12 .    
     

 []


Overfull \hbox (1.0991pt too wide) in paragraph at lines 32--33
\TU/LinLibertine(0)/m/n/12      
     \TU/LinLibertine(0
)/m/it/12 Video Games\TU/LinLibertine(0)/m/n/12 .
 []


Overfull \hbox (25.40936pt too wide) in paragraph at lines 35--36
[]\TU/LinLibertine(0)/m/n/12    
     

 []


Overfull \hbox (3.01378pt too wide) in paragraph at lines 40--41
\TU/LinLibertine(0)/m/n/12     
  \TU/LinLibertine(0)/m/it/12 The Leg-end of Zelda\TU/LinLibertin
e(0)/m/n/12 .   
 []


Overfull \hbox (37.39511pt too wide) in paragraph at lines 42--43
[]\TU/LinLibertine(0)/m/n/12  Black & White   \TU/LinLibert
ine(0)/m/it/12 Strat-egy \TU/LinLibertine(0)/m/n/12   

 []


Overfull \hbox (34.45026pt too wide) in paragraph at lines 42--43
\TU/LinLibertine(0)/m/n/12     
     \TU/LinLibertine
(0)/m/it/12 NPC \TU/LinLibertine(0)/m/n/12 ,
 []


Overfull \hbox (10.56606pt too wide) in paragraph at lines 44--45
[]\TU/LinLibertine(0)/m/n/12 To Galac-tic Arms Race (GAR)   \TU
/LinLibertine(0)/m/it/12 Space Shooter
 []


Overfull \hbox (17.87279pt too wide) in paragraph at lines 44--45
\TU/LinLibertine(0)/m/n/12  \TU/LinLibertine(0)/m/it/12 Ac-tion RPG \TU/L
inLibertine(0)/m/n/12 .  
 \TU/LinLibertine(0)/m/it/12 Neu-roevo-lu-tion \TU/LinLibertine(0)/m/n/12 
 
 []


Overfull \hbox (1.23013pt too wide) in paragraph at lines 44--45
\TU/LinLibertine(0)/m/n/12   \TU/LinLibertine(0)/m/it/12 PCG
 \TU/LinLibertine(0)/m/n/12    
     
 []

[38]
Overfull \hbox (7.36188pt too wide) in paragraph at lines 55--56
[]\TU/LinLibertine(0)/m/n/12   . 
     
 []


Overfull \hbox (16.73119pt too wide) in paragraph at lines 55--56
\TU/LinLibertine(0)/m/n/12     
     

 []


Overfull \hbox (64.4178pt too wide) in paragraph at lines 61--62
[]\TU/LinLibertine(0)/m/n/12    \TU/LinLibertine(
0)/m/it/12 Dataset\TU/LinLibertine(0)/m/n/12 .    \TU/Lin
Libertine(0)/m/it/12 sam-ples \TU/LinLibertine(0)/m/n/12  

 []


Overfull \hbox (29.05118pt too wide) in paragraph at lines 63--64
[]\TU/LinLibertine(0)/m/n/12    
    

 []


Overfull \hbox (0.59335pt too wide) in paragraph at lines 68--69
[]\TU/LinLibertine(0)/m/n/12     
    

 []


Overfull \hbox (4.77287pt too wide) in paragraph at lines 68--69
\TU/LinLibertine(0)/m/n/12 .   
       

 []

[39]
Overfull \hbox (34.5289pt too wide) in paragraph at lines 72--73
\TU/LinLibertine(0)/m/n/12    
   .  

 []


Overfull \hbox (4.57121pt too wide) in paragraph at lines 72--73
\TU/LinLibertine(0)/m/n/12       
    .
 []


Overfull \hbox (24.11101pt too wide) in paragraph at lines 74--75
[]\TU/LinLibertine(0)/m/n/12    \TU/LinLibertin
e(0)/m/it/12 Un-su-per-vised learn-ing \TU/LinLibertine(0)/m/n/12  

 []


Overfull \hbox (49.62988pt too wide) in paragraph at lines 87--88
\TU/LinLibertine(0)/m/n/12    
 .   

 []


Overfull \hbox (15.55917pt too wide) in paragraph at lines 87--88
\TU/LinLibertine(0)/m/n/12     
       

 []


Overfull \hbox (44.42593pt too wide) in paragraph at lines 87--88
\TU/LinLibertine(0)/m/n/12   -. 
      

 []


Overfull \hbox (11.0592pt too wide) in paragraph at lines 87--88
\TU/LinLibertine(0)/m/n/12    
   , 

 []

[40]
Overfull \hbox (12.24582pt too wide) in paragraph at lines 89--90
\TU/LinLibertine(0)/m/n/12   
     . 

 []


Overfull \hbox (49.9312pt too wide) in paragraph at lines 89--90
\TU/LinLibertine(0)/m/n/12     
 ,    

 []


Overfull \hbox (22.17519pt too wide) in paragraph at lines 91--92
\TU/LinLibertine(0)/m/n/12     
      

 []


Overfull \hbox (8.48323pt too wide) in paragraph at lines 91--92
\TU/LinLibertine(0)/m/n/12    
       

 []


Overfull \hbox (26.04727pt too wide) in paragraph at lines 98--99
\TU/LinLibertine(0)/m/n/12   
      

 []


Overfull \hbox (12.37521pt too wide) in paragraph at lines 105--106
\TU/LinLibertine(0)/m/n/12  ,  
     

 []


Overfull \hbox (7.37119pt too wide) in paragraph at lines 105--106
\TU/LinLibertine(0)/m/n/12    
      

 []

[41]
Overfull \hbox (13.04214pt too wide) in paragraph at lines 107--108
[]\TU/LinLibertine(0)/m/n/12    
    
 []


Overfull \hbox (17.73125pt too wide) in paragraph at lines 107--108
\TU/LinLibertine(0)/m/n/12    ,  
     

 []


Overfull \hbox (6.08324pt too wide) in paragraph at lines 109--110
\TU/LinLibertine(0)/m/n/12     
      

 []


Overfull \hbox (11.53923pt too wide) in paragraph at lines 111--112
\TU/LinLibertine(0)/m/n/12      
      
.
 []


Overfull \hbox (24.7552pt too wide) in paragraph at lines 111--112
\TU/LinLibertine(0)/m/n/12     
      

 []


Overfull \hbox (27.39784pt too wide) in paragraph at lines 119--120
\TU/LinLibertine(0)/m/n/12      
     .  

 []

[42]
Overfull \hbox (15.74722pt too wide) in paragraph at lines 125--126
[]\TU/LinLibertine(0)/m/n/12     
,    
 []


Overfull \hbox (40.2139pt too wide) in paragraph at lines 127--128
\TU/LinLibertine(0)/m/n/12     
  0.      

 []


Overfull \hbox (2.38316pt too wide) in paragraph at lines 138--139
\TU/LinLibertine(0)/m/n/12     
       
.
 []

[43]
Overfull \hbox (6.49284pt too wide) in paragraph at lines 152--153
\TU/LinLibertine(0)/m/n/12 work   Dis-crim-i-na-tive Net-work.  
 ANN     
 []


Overfull \hbox (7.88316pt too wide) in paragraph at lines 157--158
[]\TU/LinLibertine(0)/m/n/12  Gen-er-a-tive Net-work  
   
 []


Overfull \hbox (0.66722pt too wide) in paragraph at lines 157--158
\TU/LinLibertine(0)/m/n/12   
         
.
 []

[44]
Overfull \hbox (30.32312pt too wide) in paragraph at lines 159--160
[]\TU/LinLibertine(0)/m/n/12  Dis-crim-i-na-tive Net-work   
  
 []


Overfull \hbox (33.4512pt too wide) in paragraph at lines 159--160
\TU/LinLibertine(0)/m/n/12      
      

 []


Overfull \hbox (0.60585pt too wide) in paragraph at lines 164--165
\TU/LinLibertine(0)/m/n/12     
 .      da
taset
 []


Overfull \hbox (31.7912pt too wide) in paragraph at lines 164--165
\TU/LinLibertine(0)/m/n/12   
      
 
 []


Overfull \hbox (7.03383pt too wide) in paragraph at lines 166--167
\TU/LinLibertine(0)/m/n/12     
 .  Dis-crim-i-na-tor  

 []


Overfull \hbox (5.4992pt too wide) in paragraph at lines 170--171
\TU/LinLibertine(0)/m/n/12     
     

 []


Overfull \hbox (18.91524pt too wide) in paragraph at lines 172--173
\TU/LinLibertine(0)/m/n/12    
 ,    

 []

) [45]
\openout2 = blank_page.aux
 (./blank_page.tex) [46

] (./ml_python.tex
 4.

Overfull \hbox (20.32703pt too wide) in paragraph at lines 6--7
\TU/LinLibertine(0)/m/n/12    Ma-chine Learn-ing
 Con-tent Gen-er-a-tion (MLCG).   
 []


Overfull \hbox (15.3312pt too wide) in paragraph at lines 6--7
\TU/LinLibertine(0)/m/n/12  GANs   
    
. 
 []


Overfull \hbox (13.4739pt too wide) in paragraph at lines 8--9
\TU/LinLibertine(0)/m/n/12 .    
      

 []


Overfull \hbox (0.3459pt too wide) in paragraph at lines 8--9
\TU/LinLibertine(0)/m/n/12  .  
    

 []


Overfull \hbox (7.00584pt too wide) in paragraph at lines 8--9
\TU/LinLibertine(0)/m/n/12   .  
      

 []


Overfull \hbox (32.77637pt too wide) in paragraph at lines 11--13
[]\TU/LinLibertine(0)/m/n/12   MLCG  
 \TU/LinLibertine(0)/m/it/12 Python\TU/LinLibertine(0)/m/n/
12 ,     
 []


Overfull \hbox (1.11513pt too wide) in paragraph at lines 11--13
\TU/LinLibertine(0)/m/n/12   3.7   
       
 
 []

[47


]
Overfull \hbox (16.7631pt too wide) in paragraph at lines 16--17
[]\TU/LinLibertine(0)/m/n/12    
   Ma-chine Learn-
 []


Overfull \hbox (20.31909pt too wide) in paragraph at lines 17--18
[]\TU/LinLibertine(0)/m/n/12     
Python     
 []


Overfull \hbox (33.10037pt too wide) in paragraph at lines 22--23
[]\TU/LinLibertine(0)/m/n/12     
      PCG 

 []


Overfull \hbox (50.43922pt too wide) in paragraph at lines 24--25
\TU/LinLibertine(0)/m/n/12    
     
 . 
 []


Overfull \hbox (12.7712pt too wide) in paragraph at lines 28--29
\TU/LinLibertine(0)/m/n/12     
        

 []

LaTeX Font Info:    Font shape `TU/LinLibertine(5)/m/n' will be
(Font)              scaled to size 12.0pt on input line 31.
[48]
Overfull \hbox (8.90329pt too wide) in paragraph at lines 41--42
\TU/LinLibertine(0)/m/n/12    
       
.
 []


Overfull \hbox (5.7142pt too wide) in paragraph at lines 51--52
\TU/LinLibertine(0)/m/n/12   ()   
    ().   

 []


Overfull \hbox (13.9672pt too wide) in paragraph at lines 63--64
\TU/LinLibertine(0)/m/n/12     
      

 []

[49]
Overfull \hbox (11.48727pt too wide) in paragraph at lines 65--66
\TU/LinLibertine(0)/m/it/12 dataset \TU/LinLibertine(0)/m/n/12 , 
      
   . 
 []


Overfull \hbox (2.6112pt too wide) in paragraph at lines 67--68
\TU/LinLibertine(0)/m/n/12   dataset  
    ,  

 []


Overfull \hbox (31.91748pt too wide) in paragraph at lines 69--70
[]\TU/LinLibertine(0)/m/n/12     
      

 []


Overfull \hbox (0.27376pt too wide) in paragraph at lines 69--70
\TU/LinLibertine(0)/m/n/12     \TU/LinLibertine(0
)/m/it/12 dataset gen-er-a-tor \TU/LinLibertine(0)/m/n/12  \TU/LinLiberti
ne(0)/m/it/12 Ma-chine Learn-ing \TU/LinLibertine(0)/m/n/12 . 

 []

[50]
Overfull \hbox (5.10544pt too wide) in paragraph at lines 82--83
[]\TU/LinLibertine(0)/m/n/12      tiles 
     

 []


Overfull \hbox (18.38121pt too wide) in paragraph at lines 82--83
\TU/LinLibertine(0)/m/n/12    
 PCG  MLPG    
. 
 []


Overfull \hbox (28.16844pt too wide) in paragraph at lines 87--88
[]\TU/LinLibertine(0)/m/n/12   PCG  
  ,    

 []


Overfull \hbox (14.06316pt too wide) in paragraph at lines 93--94
[]\TU/LinLibertine(0)/m/n/12     
   
 []


Overfull \hbox (2.62314pt too wide) in paragraph at lines 95--96
[]\TU/LinLibertine(0)/m/n/12     
    
 []

[51]
Overfull \hbox (33.88834pt too wide) in paragraph at lines 99--100
[]\TU/LinLibertine(0)/m/n/12     
    2D 

 []


Overfull \hbox (31.61781pt too wide) in paragraph at lines 103--104
\TU/LinLibertine(0)/m/n/12    
 .     \TU/LinLibertine
(0)/m/it/12 dataset \TU/LinLibertine(0)/m/n/12 
 []


Overfull \hbox (26.8702pt too wide) in paragraph at lines 103--104
\TU/LinLibertine(0)/m/n/12     PCG  
    , 

 []

[52]
Overfull \hbox (8.919pt too wide) in paragraph at lines 123--124
[]\TU/LinLibertine(0)/m/n/12   
 . H    

 []


Overfull \hbox (3.8631pt too wide) in paragraph at lines 133--134
[]\TU/LinLibertine(0)/m/n/12    \TU/LinLi
bertine(0)/b/n/12 Cor-ri-dor \TU/LinLibertine(0)/m/n/12  tiles  

 []

[53]
Overfull \hbox (18.00977pt too wide) in paragraph at lines 134--135
\TU/LinLibertine(0)/b/n/12 Neu-mann Neigh-bor-hood\TU/LinLibertine(0)/m/n/12 . 
      tiles  

 []


Overfull \hbox (0.8991pt too wide) in paragraph at lines 136--137
[]\TU/LinLibertine(0)/m/n/12    \TU/LinLi
bertine(0)/b/n/12 Room \TU/LinLibertine(0)/m/n/12  tiles  
 []


Overfull \hbox (43.63524pt too wide) in paragraph at lines 140--141
\TU/LinLibertine(0)/m/n/12   
       

 []


Overfull \hbox (25.84988pt too wide) in paragraph at lines 143--144
\TU/LinLibertine(0)/m/n/12  \TU/LinLibertine(0)/m/it/12 Unity Game En-gine
\TU/LinLibertine(0)/m/n/12 .      
   
 []


Overfull \hbox (27.03918pt too wide) in paragraph at lines 150--151
[]\TU/LinLibertine(0)/m/n/12   
       

 []

[54]
Overfull \hbox (25.9112pt too wide) in paragraph at lines 151--152
[]\TU/LinLibertine(0)/m/n/12   
       

 []

) [55]
\openout2 = blank_page.aux
 (./blank_page.tex) [56

] (./bibliography.tex
 5.

Underfull \hbox (badness 10000) in paragraph at lines 7--8
\TU/LinLibertine(5)/m/n/12 https://www.gdcvault.com/play/1019981/The-Future-
 []


Underfull \hbox (badness 10000) in paragraph at lines 11--13
\TU/LinLibertine(5)/m/n/12 http://pc.gamespy.com/pc/ftl-faster-than-
 []

[57



warning  (pdf backend): ignoring duplicate destination with the name 'cite.types
ofcontent'
] [58]
Underfull \hbox (badness 10000) in paragraph at lines 70--72
\TU/LinLibertine(5)/m/n/12 https://docs.unity3d.com/Manual/class-
 []


Overfull \hbox (129.51854pt too wide) in paragraph at lines 73--75
\TU/LinLibertine(5)/m/n/12 https://docs.unity3d.com/Packages/com.unity.ugui@1.0/
manual/class-
 []

[59]
Overfull \hbox (6.63866pt too wide) in paragraph at lines 93--95
\TU/LinLibertine(5)/m/n/12 https://developer.ibm.com/technologies/artificial-
 []


Underfull \hbox (badness 10000) in paragraph at lines 93--95
\TU/LinLibertine(5)/m/n/12 intelligence/articles/machine-learning-and-
 []

)
Package atveryend Info: Empty hook `BeforeClearDocument' on input line 98.
 [60
warning  (pdf backend): ignoring duplicate destination with the name 'cite.bandw
'
]
Package atveryend Info: Empty hook `AfterLastShipout' on input line 98.
 (./thesis.aux (./blank_page.aux) (./blank_page.aux) (./blank_page.aux)
(./blank_page.aux) (./blank_page.aux) (./blank_page.aux))
Package atveryend Info: Executing hook `AtVeryEndDocument' on input line 98.
Package atveryend Info: Executing hook `AtEndAfterFileList' on input line 98.
Package rerunfilecheck Info: File `thesis.out' has not changed.
(rerunfilecheck)             Checksum: 4F0B528D9513DD30C29F43CF37EDE6D4;13454.


LaTeX Warning: There were multiply-defined labels.

Package atveryend Info: Empty hook `AtVeryVeryEnd' on input line 98.
)

Here is how much of LuaTeX's memory you used:
 25240 strings out of 480883
 100000,953878 words of node,token memory allocated
 561 words of node memory still in use:
   7 hlist, 2 vlist, 2 rule, 1 dir, 3 glue, 4 kern, 1 penalty, 1 glyph, 13 attri
bute, 59 glue_spec, 8 attribute_list, 1 write nodes
   avail lists: 2:698,3:116,4:94,5:280,6:45,7:2965,8:34,9:165,10:12,11:177
 41952 multiletter control sequences out of 65536+200000
 85 fonts using 18983291 bytes
 61i,8n,106p,2067b,510s stack positions out of 5000i,500n,10000p,200000b,50000s
<C:/Users/edour/AppData/Local/Programs/MiKTeX 2.9/fonts/opentype/public/libertin
e/LinLibertine_M.otf><C:/Users/edour/AppData/Local/Programs/MiKTeX 2.9/fonts/ope
ntype/public/libertine/LinLibertine_RBI.otf><C:/Users/edour/AppData/Local/Progra
ms/MiKTeX 2.9/fonts/opentype/public/libertine/LinLibertine_RI.otf><C:/Users/edou
r/AppData/Local/Programs/MiKTeX 2.9/fonts/opentype/public/libertine/LinLibertine
_RB.otf><C:/Users/edour/AppData/Local/Programs/MiKTeX 2.9/fonts/opentype/public/
libertine/LinLibertine_R.otf><C:/Users/edour/AppData/Local/Programs/MiKTeX 2.9/f
onts/type1/public/amsfonts/cm/cmmi12.pfb><C:/Users/edour/AppData/Local/Programs/
MiKTeX 2.9/fonts/type1/public/amsfonts/cm/cmr12.pfb><C:/Users/edour/AppData/Loca
l/Programs/MiKTeX 2.9/fonts/type1/public/amsfonts/cm/cmsy10.pfb>
Output written on thesis.pdf (61 pages, 475802 bytes).

PDF statistics: 773 PDF objects out of 1000 (max. 8388607)
 185 named destinations out of 1000 (max. 131072)
 497 words of extra memory for PDF output out of 10000 (max. 100000000)

