\BOOKMARK [0][-]{chapter.1}{\376\377\003\225\003\271\003\303\003\261\003\263\003\311\003\263\003\256}{}% 1
\BOOKMARK [1][-]{section.1.1}{\376\377\003\243\003\304\003\314\003\307\003\277\003\271\000\040\003\304\003\267\003\302\000\040\003\265\003\301\003\263\003\261\003\303\003\257\003\261\003\302}{chapter.1}% 2
\BOOKMARK [1][-]{section.1.2}{\376\377\003\240\003\301\003\277\003\272\003\273\003\256\003\303\003\265\003\271\003\302\000\040\003\272\003\261\003\271\000\040\003\264\003\305\003\303\003\272\003\277\003\273\003\257\003\265\003\302}{chapter.1}% 3
\BOOKMARK [1][-]{section.1.3}{\376\377\003\240\003\265\003\301\003\271\003\265\003\307\003\314\003\274\003\265\003\275\003\261}{chapter.1}% 4
\BOOKMARK [0][-]{chapter.2}{\376\377\000P\000r\000o\000c\000e\000d\000u\000r\000a\000l\000\040\000C\000o\000n\000t\000e\000n\000t\000\040\000G\000e\000n\000e\000r\000a\000t\000i\000o\000n}{}% 5
\BOOKMARK [1][-]{section.2.1}{\376\377\003\240\003\265\003\301\003\271\003\265\003\307\003\314\003\274\003\265\003\275\003\277}{chapter.2}% 6
\BOOKMARK [1][-]{section.2.2}{\376\377\003\227\000\040\003\307\003\301\003\267\003\303\003\271\003\274\003\314\003\304\003\267\003\304\003\261\000\040\003\304\003\277\003\305\000\040\000P\000C\000G}{chapter.2}% 7
\BOOKMARK [1][-]{section.2.3}{\376\377\003\240\003\261\003\271\003\307\003\275\003\257\003\264\003\271\003\261\000\040\003\300\003\277\003\305\000\040\003\307\003\301\003\267\003\303\003\271\003\274\003\277\003\300\003\277\003\271\003\277\003\315\003\275\000\040\000P\000C\000G}{chapter.2}% 8
\BOOKMARK [1][-]{section.2.4}{\376\377\003\240\003\301\003\277\003\262\003\273\003\256\003\274\003\261\003\304\003\261\000\040\003\304\003\277\003\305\000\040\000P\000C\000G}{chapter.2}% 9
\BOOKMARK [1][-]{section.2.5}{\376\377\003\225\003\300\003\271\003\270\003\305\003\274\003\267\003\304\003\254\000\040\003\247\003\261\003\301\003\261\003\272\003\304\003\267\003\301\003\271\003\303\003\304\003\271\003\272\003\254\000\040\003\304\003\277\003\305\000\040\000P\000C\000G}{chapter.2}% 10
\BOOKMARK [2][-]{subsection.2.5.1}{\376\377\003\244\003\261\003\307\003\315\003\304\003\267\003\304\003\261\000\040\000-\000\040\003\240\003\277\003\273\003\305\003\300\003\273\003\277\003\272\003\314\003\304\003\267\003\304\003\261}{section.2.5}% 11
\BOOKMARK [2][-]{subsection.2.5.2}{\376\377\003\224\003\267\003\274\003\271\003\277\003\305\003\301\003\263\003\271\003\272\003\314\003\304\003\267\003\304\003\261\000\040\000-\000\040\003\300\003\301\003\311\003\304\003\277\003\304\003\305\003\300\003\257\003\261}{section.2.5}% 12
\BOOKMARK [2][-]{subsection.2.5.3}{\376\377\003\221\003\276\003\271\003\277\003\300\003\271\003\303\003\304\003\257\003\261}{section.2.5}% 13
\BOOKMARK [2][-]{subsection.2.5.4}{\376\377\003\240\003\261\003\301\003\261\003\274\003\265\003\304\003\301\003\277\003\300\003\277\003\257\003\267\003\303\003\267}{section.2.5}% 14
\BOOKMARK [1][-]{section.2.6}{\376\377\000P\000r\000o\000c\000e\000d\000u\000r\000a\000l\000\040\000C\000o\000n\000t\000e\000n\000t\000\040\000G\000e\000n\000e\000r\000a\000t\000i\000o\000n\000\040\003\263\003\271\003\261\000\040\0002\000D\000\040\003\265\003\300\003\257\003\300\003\265\003\264\003\261}{chapter.2}% 15
\BOOKMARK [2][-]{subsection.2.6.1}{\376\377\003\225\003\271\003\303\003\261\003\263\003\311\003\263\003\256}{section.2.6}% 16
\BOOKMARK [2][-]{subsection.2.6.2}{\376\377\000S\000p\000a\000c\000e\000\040\000P\000a\000r\000t\000i\000t\000i\000o\000n\000i\000n\000g}{section.2.6}% 17
\BOOKMARK [2][-]{subsection.2.6.3}{\376\377\000A\000g\000e\000n\000t\000-\000b\000a\000s\000e\000d}{section.2.6}% 18
\BOOKMARK [2][-]{subsection.2.6.4}{\376\377\000C\000e\000l\000l\000u\000l\000a\000r\000\040\000A\000u\000t\000o\000m\000a\000t\000a}{section.2.6}% 19
\BOOKMARK [2][-]{subsection.2.6.5}{\376\377\000G\000e\000n\000e\000r\000a\000t\000i\000v\000e\000\040\000G\000r\000a\000m\000m\000a\000r\000s}{section.2.6}% 20
\BOOKMARK [1][-]{section.2.7}{\376\377\003\221\003\276\003\271\003\277\003\273\003\314\003\263\003\267\003\303\003\267\000\040\000\050\000E\000v\000a\000l\000u\000a\000t\000i\000o\000n\000\051}{chapter.2}% 21
\BOOKMARK [2][-]{subsection.2.7.1}{\376\377\003\240\003\314\003\303\003\277\000\040\003\303\003\267\003\274\003\261\003\275\003\304\003\271\003\272\003\256\000\040\003\265\003\257\003\275\003\261\003\271\000\040\003\267\000\040\003\261\003\276\003\271\003\277\003\273\003\314\003\263\003\267\003\303\003\267}{section.2.7}% 22
\BOOKMARK [2][-]{subsection.2.7.2}{\376\377\003\247\003\261\003\301\003\261\003\272\003\304\003\267\003\301\003\271\003\303\003\304\003\271\003\272\003\254\000\040\003\221\003\276\003\271\003\277\003\273\003\314\003\263\003\267\003\303\003\267\003\302}{section.2.7}% 23
\BOOKMARK [2][-]{subsection.2.7.3}{\376\377\003\225\003\257\003\264\003\267\000\040\003\221\003\276\003\271\003\277\003\273\003\314\003\263\003\267\003\303\003\267\003\302}{section.2.7}% 24
\BOOKMARK [0][-]{chapter.3}{\376\377\003\245\003\273\003\277\003\300\003\277\003\257\003\267\003\303\003\267\000\040\003\303\003\305\003\303\003\304\003\256\003\274\003\261\003\304\003\277\003\302\000\040\000P\000r\000o\000c\000e\000d\000u\000r\000a\000l\000\040\000C\000o\000n\000t\000e\000n\000t\000\040\000G\000e\000n\000e\000r\000a\000t\000i\000o\000n}{}% 25
\BOOKMARK [1][-]{section.3.1}{\376\377\000G\000a\000m\000e\000\040\000E\000n\000g\000i\000n\000e\000s}{chapter.3}% 26
\BOOKMARK [1][-]{section.3.2}{\376\377\000U\000n\000i\000t\000y\000\040\000G\000a\000m\000e\000\040\000E\000n\000g\000i\000n\000e}{chapter.3}% 27
\BOOKMARK [2][-]{subsection.3.2.1}{\376\377\003\244\003\265\003\307\003\275\003\271\003\272\003\254\000\040\003\307\003\261\003\301\003\261\003\272\003\304\003\267\003\301\003\271\003\303\003\304\003\271\003\272\003\254}{section.3.2}% 28
\BOOKMARK [2][-]{subsection.3.2.2}{\376\377\003\222\003\271\003\262\003\273\003\271\003\277\003\270\003\256\003\272\003\265\003\302\000\040\000U\000n\000i\000t\000y}{section.3.2}% 29
\BOOKMARK [1][-]{section.3.3}{\376\377\003\243\003\307\003\265\003\264\003\271\003\261\003\303\003\274\003\314\003\302\000\040\003\303\003\305\003\303\003\304\003\256\003\274\003\261\003\304\003\277\003\302\000\040\000P\000C\000G}{chapter.3}% 30
\BOOKMARK [2][-]{subsection.3.3.1}{\376\377\003\240\003\265\003\301\003\271\003\263\003\301\003\261\003\306\003\256\000\040\003\225\003\300\003\271\003\300\003\255\003\264\003\277\003\305}{section.3.3}% 31
\BOOKMARK [1][-]{section.3.4}{\376\377\003\245\003\273\003\277\003\300\003\277\003\257\003\267\003\303\003\267\000\040\003\303\003\305\003\303\003\304\003\256\003\274\003\261\003\304\003\277\003\302\000\040\000P\000C\000G}{chapter.3}% 32
\BOOKMARK [2][-]{subsection.3.4.1}{\376\377\003\245\003\300\003\277\003\303\003\305\003\303\003\304\003\256\003\274\003\261\003\304\003\261}{section.3.4}% 33
\BOOKMARK [2][-]{subsection.3.4.2}{\376\377\003\221\003\273\003\263\003\314\003\301\003\271\003\270\003\274\003\277\003\302\000\040\000P\000C\000G}{section.3.4}% 34
\BOOKMARK [2][-]{subsection.3.4.3}{\376\377\003\222\003\256\003\274\003\261\003\304\003\261\000\040\003\261\003\273\003\263\003\277\003\301\003\257\003\270\003\274\003\277\003\305\000\040\000P\000C\000G}{section.3.4}% 35
\BOOKMARK [2][-]{subsection.3.4.4}{\376\377\003\232\003\261\003\275\003\314\003\275\003\265\003\302\000\040\003\274\003\265\003\304\003\261\003\304\003\301\003\277\003\300\003\256\003\302}{section.3.4}% 36
\BOOKMARK [1][-]{section.3.5}{\376\377\003\224\003\267\003\274\003\271\003\277\003\305\003\301\003\263\003\257\003\261\000\040\003\243\003\305\003\275\003\314\003\273\003\277\003\305\000\040\003\224\003\265\003\264\003\277\003\274\003\255\003\275\003\311\003\275\000\040\000\050\000D\000a\000t\000a\000s\000e\000t\000\051}{chapter.3}% 37
\BOOKMARK [1][-]{section.3.6}{\376\377\003\240\003\261\003\301\003\261\003\264\003\265\003\257\003\263\003\274\003\261\003\304\003\261\000\040\003\265\003\300\003\271\003\300\003\255\003\264\003\311\003\275}{chapter.3}% 38
\BOOKMARK [0][-]{chapter.4}{\376\377\000M\000a\000c\000h\000i\000n\000e\000\040\000L\000e\000a\000r\000n\000i\000n\000g}{}% 39
\BOOKMARK [1][-]{section.4.1}{\376\377\000M\000a\000c\000h\000i\000n\000e\000\040\000L\000e\000a\000r\000n\000i\000n\000g\000\040\000\046\000\040\000G\000a\000m\000e\000s}{chapter.4}% 40
\BOOKMARK [2][-]{subsection.4.1.1}{\376\377\000M\000a\000c\000h\000i\000n\000e\000\040\000L\000e\000a\000r\000n\000i\000n\000g\000\040\003\303\003\304\003\261\000\040\000V\000i\000d\000e\000o\000\040\000G\000a\000m\000e\000s}{section.4.1}% 41
\BOOKMARK [2][-]{subsection.4.1.2}{\376\377\000V\000i\000d\000e\000o\000\040\000G\000a\000m\000e\000s\000\040\003\300\003\277\003\305\000\040\003\307\003\301\003\267\003\303\003\271\003\274\003\277\003\300\003\277\003\271\003\277\003\315\003\275\000\040\003\234\003\267\003\307\003\261\003\275\003\271\003\272\003\256\000\040\003\234\003\254\003\270\003\267\003\303\003\267}{section.4.1}% 42
\BOOKMARK [1][-]{section.4.2}{\376\377\003\237\003\301\003\277\003\273\003\277\003\263\003\257\003\261\000\040\003\234\003\267\003\307\003\261\003\275\003\271\003\272\003\256\003\302\000\040\003\234\003\254\003\270\003\267\003\303\003\267\003\302}{chapter.4}% 43
\BOOKMARK [1][-]{section.4.3}{\376\377\003\232\003\261\003\304\003\267\003\263\003\277\003\301\003\257\003\265\003\302\000\040\003\234\003\267\003\307\003\261\003\275\003\271\003\272\003\256\003\302\000\040\003\234\003\254\003\270\003\267\003\303\003\267\003\302}{chapter.4}% 44
\BOOKMARK [2][-]{subsection.4.3.1}{\376\377\003\234\003\255\003\270\003\277\003\264\003\277\003\271\000\040\000S\000u\000p\000e\000r\000v\000i\000s\000e\000d\000\040\000l\000e\000a\000r\000n\000i\000n\000g}{section.4.3}% 45
\BOOKMARK [1][-]{section.4.4}{\376\377\000A\000r\000t\000i\000f\000i\000c\000i\000a\000l\000\040\000N\000e\000u\000r\000a\000l\000\040\000N\000e\000t\000w\000o\000r\000k\000s\000\040\000\050\000A\000N\000N\000\051}{chapter.4}% 46
\BOOKMARK [2][-]{subsection.4.4.1}{\376\377\003\247\003\261\003\301\003\261\003\272\003\304\003\267\003\301\003\271\003\303\003\304\003\271\003\272\003\254\000\040\003\265\003\275\003\314\003\302\000\040\000A\000N\000N}{section.4.4}% 47
\BOOKMARK [2][-]{subsection.4.4.2}{\376\377\003\225\003\300\003\257\003\300\003\265\003\264\003\261}{section.4.4}% 48
\BOOKMARK [2][-]{subsection.4.4.3}{\376\377\000B\000a\000c\000k\000p\000r\000o\000p\000a\000g\000a\000t\000i\000o\000n}{section.4.4}% 49
\BOOKMARK [1][-]{section.4.5}{\376\377\000G\000e\000n\000e\000r\000a\000t\000i\000v\000e\000\040\000A\000d\000v\000e\000r\000s\000a\000r\000i\000a\000l\000\040\000N\000e\000t\000w\000o\000r\000k\000s\000\040\000\050\000G\000A\000N\000s\000\051}{chapter.4}% 50
\BOOKMARK [2][-]{subsection.4.5.1}{\376\377\003\234\003\277\003\275\003\304\003\255\003\273\003\277\000\040\000G\000A\000N}{section.4.5}% 51
\BOOKMARK [2][-]{subsection.4.5.2}{\376\377\003\225\003\272\003\300\003\261\003\257\003\264\003\265\003\305\003\303\003\267}{section.4.5}% 52
\BOOKMARK [2][-]{subsection.4.5.3}{\376\377\003\221\003\300\003\277\003\304\003\265\003\273\003\255\003\303\003\274\003\261\003\304\003\261\000\040\003\272\003\261\003\271\000\040\003\261\003\300\003\277\003\264\003\314\003\303\003\265\003\271\003\302}{section.4.5}% 53
\BOOKMARK [0][-]{chapter.5}{\376\377\003\245\003\273\003\277\003\300\003\277\003\257\003\267\003\303\003\267\000\040\003\303\003\305\003\303\003\304\003\256\003\274\003\261\003\304\003\277\003\302\000\040\003\234\003\267\003\307\003\261\003\275\003\271\003\272\003\256\003\302\000\040\003\234\003\254\003\270\003\267\003\303\003\267\003\302}{}% 54
\BOOKMARK [1][-]{section.5.1}{\376\377\003\244\003\265\003\307\003\275\003\271\003\272\003\256\000\040\003\300\003\265\003\301\003\271\003\263\003\301\003\261\003\306\003\256}{chapter.5}% 55
\BOOKMARK [1][-]{section.5.2}{\376\377\003\224\003\265\003\264\003\277\003\274\003\255\003\275\003\261\000\040\003\265\003\272\003\300\003\261\003\257\003\264\003\265\003\305\003\303\003\267\003\302}{chapter.5}% 56
\BOOKMARK [2][-]{subsection.5.2.1}{\376\377\003\247\003\261\003\301\003\261\003\272\003\304\003\267\003\301\003\271\003\303\003\304\003\271\003\272\003\254\000\040\003\304\003\277\003\305\000\040\000d\000a\000t\000a\000s\000e\000t}{section.5.2}% 57
\BOOKMARK [2][-]{subsection.5.2.2}{\376\377\003\240\003\301\003\277\000\040\003\265\003\300\003\265\003\276\003\265\003\301\003\263\003\261\003\303\003\257\003\261\000\040\003\224\003\265\003\264\003\277\003\274\003\255\003\275\003\311\003\275}{section.5.2}% 58
\BOOKMARK [1][-]{section.5.3}{\376\377\003\225\003\300\003\265\003\276\003\265\003\301\003\263\003\261\003\303\003\257\003\261\000\040\003\221\003\300\003\277\003\304\003\265\003\273\003\265\003\303\003\274\003\254\003\304\003\311\003\275}{chapter.5}% 59
\BOOKMARK [2][-]{subsection.5.3.1}{\376\377\003\224\003\265\003\271\003\263\003\274\003\261\003\304\003\277\003\273\003\267\003\310\003\257\003\261\000\040\003\272\003\261\003\304\003\254\000\040\003\304\003\267\003\275\000\040\003\265\003\272\003\300\003\261\003\257\003\264\003\265\003\305\003\303\003\267}{section.5.3}% 60
\BOOKMARK [2][-]{subsection.5.3.2}{\376\377\003\221\003\300\003\277\003\270\003\256\003\272\003\265\003\305\003\303\003\267\000\040\003\274\003\277\003\275\003\304\003\255\003\273\003\277\003\305}{section.5.3}% 61
\BOOKMARK [1][-]{section.5.4}{\376\377\003\234\003\277\003\275\003\304\003\255\003\273\003\277\000\040\000D\000e\000n\000s\000e\000\040\000G\000A\000N}{chapter.5}% 62
\BOOKMARK [2][-]{subsection.5.4.1}{\376\377\003\221\003\301\003\307\003\271\003\304\003\265\003\272\003\304\003\277\003\275\003\271\003\272\003\256\000\040\000G\000e\000n\000e\000r\000a\000t\000o\000r}{section.5.4}% 63
\BOOKMARK [2][-]{subsection.5.4.2}{\376\377\003\221\003\301\003\307\003\271\003\304\003\265\003\272\003\304\003\277\003\275\003\271\003\272\003\256\000\040\000D\000i\000s\000c\000r\000i\000m\000i\000n\000a\000t\000o\000r}{section.5.4}% 64
\BOOKMARK [1][-]{section.5.5}{\376\377\003\234\003\277\003\275\003\304\003\255\003\273\003\277\000\040\000C\000N\000N\000\040\000G\000A\000N}{chapter.5}% 65
\BOOKMARK [2][-]{subsection.5.5.1}{\376\377\003\221\003\301\003\307\003\271\003\304\003\265\003\272\003\304\003\277\003\275\003\271\003\272\003\256\000\040\000G\000e\000n\000e\000r\000a\000t\000o\000r}{section.5.5}% 66
\BOOKMARK [2][-]{subsection.5.5.2}{\376\377\003\221\003\301\003\307\003\271\003\304\003\265\003\272\003\304\003\277\003\275\003\271\003\272\003\256\000\040\000D\000i\000s\000c\000r\000i\000m\000i\000n\000a\000t\000o\000r}{section.5.5}% 67
\BOOKMARK [1][-]{section.5.6}{\376\377\003\225\003\272\003\300\003\261\003\257\003\264\003\265\003\305\003\303\003\267\000\040\000G\000A\000N}{chapter.5}% 68
\BOOKMARK [2][-]{subsection.5.6.1}{\376\377\003\234\003\265\003\304\003\261\003\262\003\273\003\267\003\304\003\255\003\302\000\040\003\265\003\272\003\300\003\261\003\257\003\264\003\265\003\305\003\303\003\267\003\302}{section.5.6}% 69
\BOOKMARK [2][-]{subsection.5.6.2}{\376\377\003\225\003\257\003\303\003\277\003\264\003\277\003\302\000\040\003\265\003\272\003\300\003\261\003\257\003\264\003\265\003\305\003\303\003\267\003\302\000\040\000G\000e\000n\000e\000r\000a\000t\000o\000r}{section.5.6}% 70
\BOOKMARK [2][-]{subsection.5.6.3}{\376\377\003\233\003\265\003\271\003\304\003\277\003\305\003\301\003\263\003\257\003\261\000\040\000G\000e\000n\000e\000r\000a\000t\000o\000r}{section.5.6}% 71
\BOOKMARK [2][-]{subsection.5.6.4}{\376\377\003\225\003\257\003\303\003\277\003\264\003\277\003\302\000\040\003\265\003\272\003\300\003\261\003\257\003\264\003\265\003\305\003\303\003\267\003\302\000\040\000D\000i\000s\000c\000r\000i\000m\000i\000n\000a\000t\000o\000r}{section.5.6}% 72
\BOOKMARK [1][-]{section.5.7}{\376\377\003\225\003\272\003\300\003\261\003\257\003\264\003\265\003\305\003\303\003\267\000\040\003\274\003\277\003\275\003\304\003\255\003\273\003\277\003\305}{chapter.5}% 73
\BOOKMARK [1][-]{section.5.8}{\376\377\003\221\003\300\003\277\003\304\003\265\003\273\003\255\003\303\003\274\003\261\003\304\003\261\000\040\003\274\003\277\003\275\003\304\003\255\003\273\003\277\003\305\000\040\000C\000N\000N}{chapter.5}% 74
\BOOKMARK [2][-]{subsection.5.8.1}{\376\377\003\221\003\300\003\277\003\304\003\265\003\273\003\255\003\303\003\274\003\261\003\304\003\261\000\040\003\304\003\277\003\305\000\040\000G\000e\000n\000e\000r\000a\000t\000o\000r\000\040\003\304\003\277\003\305\000\040\000C\000N\000N\000\040\003\264\003\271\003\272\003\304\003\315\003\277\003\305}{section.5.8}% 75
\BOOKMARK [2][-]{subsection.5.8.2}{\376\377\003\221\003\300\003\277\003\304\003\265\003\273\003\255\003\303\003\274\003\261\003\304\003\261\000\040\003\304\003\277\003\305\000\040\000G\000e\000n\000e\000r\000a\000t\000o\000r\000\040\003\272\003\261\003\271\000\040\003\304\003\277\003\305\000\040\000D\000i\000s\000c\000r\000i\000m\000i\000n\000a\000t\000o\000r\000\040\003\304\003\277\003\305\000\040\000C\000N\000N\000\040\003\264\003\271\003\272\003\304\003\315\003\277\003\305}{section.5.8}% 76
\BOOKMARK [1][-]{section.5.9}{\376\377\003\221\003\300\003\277\003\304\003\265\003\273\003\255\003\303\003\274\003\261\003\304\003\261\000\040\003\274\003\277\003\275\003\304\003\255\003\273\003\277\003\305\000\040\000D\000e\000n\000s\000e}{chapter.5}% 77
\BOOKMARK [2][-]{subsection.5.9.1}{\376\377\003\221\003\300\003\277\003\304\003\265\003\273\003\255\003\303\003\274\003\261\003\304\003\261\000\040\003\304\003\277\003\305\000\040\000G\000e\000n\000e\000r\000a\000t\000o\000r\000\040\003\304\003\277\003\305\000\040\000D\000e\000n\000s\000e\000\040\003\264\003\271\003\272\003\304\003\315\003\277\003\305}{section.5.9}% 78
\BOOKMARK [2][-]{subsection.5.9.2}{\376\377\003\221\003\300\003\277\003\304\003\265\003\273\003\255\003\303\003\274\003\261\003\304\003\261\000\040\003\304\003\277\003\305\000\040\000G\000e\000n\000e\000r\000a\000t\000o\000r\000\040\003\272\003\261\003\271\000\040\003\304\003\277\003\305\000\040\000D\000i\000s\000c\000r\000i\000m\000i\000n\000a\000t\000o\000r\000\040\003\304\003\277\003\305\000\040\000D\000e\000n\000s\000e\000\040\003\264\003\271\003\272\003\304\003\315\003\277\003\305}{section.5.9}% 79
\BOOKMARK [0][-]{chapter.6}{\376\377\003\243\003\305\003\274\003\300\003\265\003\301\003\254\003\303\003\274\003\261\003\304\003\261}{}% 80
\BOOKMARK [1][-]{section.6.1}{\376\377\003\240\003\265\003\301\003\257\003\273\003\267\003\310\003\267}{chapter.6}% 81
\BOOKMARK [1][-]{section.6.2}{\376\377\003\221\003\276\003\271\003\277\003\273\003\314\003\263\003\267\003\303\003\267\000\040\003\303\003\305\003\303\003\304\003\256\003\274\003\261\003\304\003\277\003\302\000\040\000P\000C\000G}{chapter.6}% 82
\BOOKMARK [1][-]{section.6.3}{\376\377\003\221\003\276\003\271\003\277\003\273\003\314\003\263\003\267\003\303\003\267\000\040\003\274\003\277\003\275\003\304\003\255\003\273\003\311\003\275\000\040\000M\000L}{chapter.6}% 83
\BOOKMARK [1][-]{section.6.4}{\376\377\003\240\003\301\003\277\003\304\003\254\003\303\003\265\003\271\003\302}{chapter.6}% 84
\BOOKMARK [0][-]{chapter.7}{\376\377\003\222\003\271\003\262\003\273\003\271\003\277\003\263\003\301\003\261\003\306\003\257\003\261}{}% 85
